This is pdfTeX, Version 3.141592653-2.6-1.40.22 (MiKTeX 21.6) (preloaded format=pdflatex 2021.9.9)  23 SEP 2021 22:35
entering extended mode
**./trab3.tex
(trab3.tex
LaTeX2e <2021-06-01>
L3 programming layer <2021-06-01>
(C:\Users\55189\AppData\Local\Programs\MiKTeX\tex/latex/base\article.cls
Document Class: article 2021/02/12 v1.4n Standard LaTeX document class
(C:\Users\55189\AppData\Local\Programs\MiKTeX\tex/latex/base\size12.clo
File: size12.clo 2021/02/12 v1.4n Standard LaTeX file (size option)
)
\c@part=\count182
\c@section=\count183
\c@subsection=\count184
\c@subsubsection=\count185
\c@paragraph=\count186
\c@subparagraph=\count187
\c@figure=\count188
\c@table=\count189
\abovecaptionskip=\skip47
\belowcaptionskip=\skip48
\bibindent=\dimen138
)
(C:\Users\55189\AppData\Local\Programs\MiKTeX\tex/latex/geometry\geometry.sty
Package: geometry 2020/01/02 v5.9 Page Geometry

(C:\Users\55189\AppData\Local\Programs\MiKTeX\tex/latex/graphics\keyval.sty
Package: keyval 2014/10/28 v1.15 key=value parser (DPC)
\KV@toks@=\toks16
)
(C:\Users\55189\AppData\Local\Programs\MiKTeX\tex/generic/iftex\ifvtex.sty
Package: ifvtex 2019/10/25 v1.7 ifvtex legacy package. Use iftex instead.

(C:\Users\55189\AppData\Local\Programs\MiKTeX\tex/generic/iftex\iftex.sty
Package: iftex 2020/03/06 v1.0d TeX engine tests
))
\Gm@cnth=\count190
\Gm@cntv=\count191
\c@Gm@tempcnt=\count192
\Gm@bindingoffset=\dimen139
\Gm@wd@mp=\dimen140
\Gm@odd@mp=\dimen141
\Gm@even@mp=\dimen142
\Gm@layoutwidth=\dimen143
\Gm@layoutheight=\dimen144
\Gm@layouthoffset=\dimen145
\Gm@layoutvoffset=\dimen146
\Gm@dimlist=\toks17

(C:\Users\55189\AppData\Local\Programs\MiKTeX\tex/latex/geometry\geometry.cfg))
(C:\Users\55189\AppData\Local\Programs\MiKTeX\tex/latex/base\inputenc.sty
Package: inputenc 2021/02/14 v1.3d Input encoding file
\inpenc@prehook=\toks18
\inpenc@posthook=\toks19
)
(C:\Users\55189\AppData\Local\Programs\MiKTeX\tex/generic/babel\babel.sty
Package: babel 2021/06/02 3.60 The Babel package

(C:\Users\55189\AppData\Local\Programs\MiKTeX\tex/generic/babel\babel.def
File: babel.def 2021/06/02 3.60 Babel common definitions
\babel@savecnt=\count193
\U@D=\dimen147
\l@unhyphenated=\language79

(C:\Users\55189\AppData\Local\Programs\MiKTeX\tex/generic/babel\txtbabel.def)
\bbl@readstream=\read2
)
\bbl@dirlevel=\count194

*************************************
* Local config file bblopts.cfg used
*
(C:\Users\55189\AppData\Local\Programs\MiKTeX\tex/latex/arabi\bblopts.cfg
File: bblopts.cfg 2005/09/08 v0.1 add Arabic and Farsi to "declared" options of
 babel
)
(C:\Users\55189\AppData\Local\Programs\MiKTeX\tex/latex/babel-portuges\brazilia
n.ldf
Language: portuges 2021/07/09 v1.2t Portuguese support from the babel system
Package babel Info: Hyphen rules for 'brazilian' set to \l@portuguese
(babel)             (\language56). Reported on input line 111.
Package babel Info: Making " an active character on input line 143.
))
(C:\Users\55189\AppData\Local\Programs\MiKTeX\tex/latex/tools\indentfirst.sty
Package: indentfirst 1995/11/23 v1.03 Indent first paragraph (DPC)
)
(C:\Users\55189\AppData\Local\Programs\MiKTeX\tex/latex/graphics\graphicx.sty
Package: graphicx 2020/12/05 v1.2c Enhanced LaTeX Graphics (DPC,SPQR)

(C:\Users\55189\AppData\Local\Programs\MiKTeX\tex/latex/graphics\graphics.sty
Package: graphics 2021/03/04 v1.4d Standard LaTeX Graphics (DPC,SPQR)

(C:\Users\55189\AppData\Local\Programs\MiKTeX\tex/latex/graphics\trig.sty
Package: trig 2016/01/03 v1.10 sin cos tan (DPC)
)
(C:\Users\55189\AppData\Local\Programs\MiKTeX\tex/latex/graphics-cfg\graphics.c
fg
File: graphics.cfg 2016/06/04 v1.11 sample graphics configuration
)
Package graphics Info: Driver file: pdftex.def on input line 107.

(C:\Users\55189\AppData\Local\Programs\MiKTeX\tex/latex/graphics-def\pdftex.def
File: pdftex.def 2020/10/05 v1.2a Graphics/color driver for pdftex
))
\Gin@req@height=\dimen148
\Gin@req@width=\dimen149
) (C:\Users\55189\AppData\Local\Programs\MiKTeX\tex/latex/wrapfig\wrapfig.sty
\wrapoverhang=\dimen150
\WF@size=\dimen151
\c@WF@wrappedlines=\count195
\WF@box=\box50
\WF@everypar=\toks20
Package: wrapfig 2003/01/31  v 3.6
) (C:\Users\55189\AppData\Local\Programs\MiKTeX\tex/latex/hyperref\hyperref.sty
Package: hyperref 2021-06-05 v7.00l Hypertext links for LaTeX
(C:\Users\55189\AppData\Local\Programs\MiKTeX\tex/generic/ltxcmds\ltxcmds.sty
Package: ltxcmds 2020-05-10 v1.25 LaTeX kernel commands for general use (HO)
)
(C:\Users\55189\AppData\Local\Programs\MiKTeX\tex/generic/pdftexcmds\pdftexcmds
.sty
Package: pdftexcmds 2020-06-27 v0.33 Utility functions of pdfTeX for LuaTeX (HO
)

(C:\Users\55189\AppData\Local\Programs\MiKTeX\tex/generic/infwarerr\infwarerr.s
ty
Package: infwarerr 2019/12/03 v1.5 Providing info/warning/error messages (HO)
)
Package pdftexcmds Info: \pdf@primitive is available.
Package pdftexcmds Info: \pdf@ifprimitive is available.
Package pdftexcmds Info: \pdfdraftmode found.
)
(C:\Users\55189\AppData\Local\Programs\MiKTeX\tex/generic/kvsetkeys\kvsetkeys.s
ty
Package: kvsetkeys 2019/12/15 v1.18 Key value parser (HO)
)
(C:\Users\55189\AppData\Local\Programs\MiKTeX\tex/generic/kvdefinekeys\kvdefine
keys.sty
Package: kvdefinekeys 2019-12-19 v1.6 Define keys (HO)
)
(C:\Users\55189\AppData\Local\Programs\MiKTeX\tex/generic/pdfescape\pdfescape.s
ty
Package: pdfescape 2019/12/09 v1.15 Implements pdfTeX's escape features (HO)
) (C:\Users\55189\AppData\Local\Programs\MiKTeX\tex/latex/hycolor\hycolor.sty
Package: hycolor 2020-01-27 v1.10 Color options for hyperref/bookmark (HO)
)
(C:\Users\55189\AppData\Local\Programs\MiKTeX\tex/latex/letltxmacro\letltxmacro
.sty
Package: letltxmacro 2019/12/03 v1.6 Let assignment for LaTeX macros (HO)
)
(C:\Users\55189\AppData\Local\Programs\MiKTeX\tex/latex/auxhook\auxhook.sty
Package: auxhook 2019-12-17 v1.6 Hooks for auxiliary files (HO)
)
(C:\Users\55189\AppData\Local\Programs\MiKTeX\tex/latex/kvoptions\kvoptions.sty
Package: kvoptions 2020-10-07 v3.14 Key value format for package options (HO)
)
\@linkdim=\dimen152
\Hy@linkcounter=\count196
\Hy@pagecounter=\count197
 (C:\Users\55189\AppData\Local\Programs\MiKTeX\tex/latex/hyperref\pd1enc.def
File: pd1enc.def 2021-06-05 v7.00l Hyperref: PDFDocEncoding definition (HO)
Now handling font encoding PD1 ...
... no UTF-8 mapping file for font encoding PD1
)
(C:\Users\55189\AppData\Local\Programs\MiKTeX\tex/latex/hyperref\hyperref-langp
atches.def
File: hyperref-langpatches.def 2021-06-05 v7.00l Hyperref: patches for babel la
nguages
)
(C:\Users\55189\AppData\Local\Programs\MiKTeX\tex/generic/intcalc\intcalc.sty
Package: intcalc 2019/12/15 v1.3 Expandable calculations with integers (HO)
)
(C:\Users\55189\AppData\Local\Programs\MiKTeX\tex/generic/etexcmds\etexcmds.sty
Package: etexcmds 2019/12/15 v1.7 Avoid name clashes with e-TeX commands (HO)
)
\Hy@SavedSpaceFactor=\count198
 (C:\Users\55189\AppData\Local\Programs\MiKTeX\tex/latex/hyperref\puenc.def
File: puenc.def 2021-06-05 v7.00l Hyperref: PDF Unicode definition (HO)
Now handling font encoding PU ...
... no UTF-8 mapping file for font encoding PU
)
Package hyperref Info: Hyper figures OFF on input line 4192.
Package hyperref Info: Link nesting OFF on input line 4197.
Package hyperref Info: Hyper index ON on input line 4200.
Package hyperref Info: Plain pages OFF on input line 4207.
Package hyperref Info: Backreferencing OFF on input line 4212.
Package hyperref Info: Implicit mode ON; LaTeX internals redefined.
Package hyperref Info: Bookmarks ON on input line 4445.
\c@Hy@tempcnt=\count199

(C:\Users\55189\AppData\Local\Programs\MiKTeX\tex/latex/url\url.sty
\Urlmuskip=\muskip16
Package: url 2013/09/16  ver 3.4  Verb mode for urls, etc.
)
LaTeX Info: Redefining \url on input line 4804.
\XeTeXLinkMargin=\dimen153

(C:\Users\55189\AppData\Local\Programs\MiKTeX\tex/generic/bitset\bitset.sty
Package: bitset 2019/12/09 v1.3 Handle bit-vector datatype (HO)

(C:\Users\55189\AppData\Local\Programs\MiKTeX\tex/generic/bigintcalc\bigintcalc
.sty
Package: bigintcalc 2019/12/15 v1.5 Expandable calculations on big integers (HO
)
))
\Fld@menulength=\count266
\Field@Width=\dimen154
\Fld@charsize=\dimen155
Package hyperref Info: Hyper figures OFF on input line 6076.
Package hyperref Info: Link nesting OFF on input line 6081.
Package hyperref Info: Hyper index ON on input line 6084.
Package hyperref Info: backreferencing OFF on input line 6091.
Package hyperref Info: Link coloring OFF on input line 6096.
Package hyperref Info: Link coloring with OCG OFF on input line 6101.
Package hyperref Info: PDF/A mode OFF on input line 6106.
LaTeX Info: Redefining \ref on input line 6146.
LaTeX Info: Redefining \pageref on input line 6150.

(C:\Users\55189\AppData\Local\Programs\MiKTeX\tex/latex/base\atbegshi-ltx.sty
Package: atbegshi-ltx 2021/01/10 v1.0c Emulation of the original atbegshi
package with kernel methods
)
\Hy@abspage=\count267
\c@Item=\count268
\c@Hfootnote=\count269
)
Package hyperref Info: Driver: hpdftex.
(C:\Users\55189\AppData\Local\Programs\MiKTeX\tex/latex/hyperref\hpdftex.def
File: hpdftex.def 2021-06-05 v7.00l Hyperref driver for pdfTeX

(C:\Users\55189\AppData\Local\Programs\MiKTeX\tex/latex/base\atveryend-ltx.sty
Package: atveryend-ltx 2020/08/19 v1.0a Emulation of the original atvery packag
e
with kernel methods
)
\Fld@listcount=\count270
\c@bookmark@seq@number=\count271

(C:\Users\55189\AppData\Local\Programs\MiKTeX\tex/latex/rerunfilecheck\rerunfil
echeck.sty
Package: rerunfilecheck 2019/12/05 v1.9 Rerun checks for auxiliary files (HO)

(C:\Users\55189\AppData\Local\Programs\MiKTeX\tex/generic/uniquecounter\uniquec
ounter.sty
Package: uniquecounter 2019/12/15 v1.4 Provide unlimited unique counter (HO)
)
Package uniquecounter Info: New unique counter `rerunfilecheck' on input line 2
86.
)
\Hy@SectionHShift=\skip49
)
(C:\Users\55189\AppData\Local\Programs\MiKTeX\tex/latex/amsmath\amsmath.sty
Package: amsmath 2021/04/20 v2.17j AMS math features
\@mathmargin=\skip50

For additional information on amsmath, use the `?' option.
(C:\Users\55189\AppData\Local\Programs\MiKTeX\tex/latex/amsmath\amstext.sty
Package: amstext 2000/06/29 v2.01 AMS text

(C:\Users\55189\AppData\Local\Programs\MiKTeX\tex/latex/amsmath\amsgen.sty
File: amsgen.sty 1999/11/30 v2.0 generic functions
\@emptytoks=\toks21
\ex@=\dimen156
))
(C:\Users\55189\AppData\Local\Programs\MiKTeX\tex/latex/amsmath\amsbsy.sty
Package: amsbsy 1999/11/29 v1.2d Bold Symbols
\pmbraise@=\dimen157
)
(C:\Users\55189\AppData\Local\Programs\MiKTeX\tex/latex/amsmath\amsopn.sty
Package: amsopn 2016/03/08 v2.02 operator names
)
\inf@bad=\count272
LaTeX Info: Redefining \frac on input line 234.
\uproot@=\count273
\leftroot@=\count274
LaTeX Info: Redefining \overline on input line 399.
\classnum@=\count275
\DOTSCASE@=\count276
LaTeX Info: Redefining \ldots on input line 496.
LaTeX Info: Redefining \dots on input line 499.
LaTeX Info: Redefining \cdots on input line 620.
\Mathstrutbox@=\box51
\strutbox@=\box52
\big@size=\dimen158
LaTeX Font Info:    Redeclaring font encoding OML on input line 743.
LaTeX Font Info:    Redeclaring font encoding OMS on input line 744.
\macc@depth=\count277
\c@MaxMatrixCols=\count278
\dotsspace@=\muskip17
\c@parentequation=\count279
\dspbrk@lvl=\count280
\tag@help=\toks22
\row@=\count281
\column@=\count282
\maxfields@=\count283
\andhelp@=\toks23
\eqnshift@=\dimen159
\alignsep@=\dimen160
\tagshift@=\dimen161
\tagwidth@=\dimen162
\totwidth@=\dimen163
\lineht@=\dimen164
\@envbody=\toks24
\multlinegap=\skip51
\multlinetaggap=\skip52
\mathdisplay@stack=\toks25
LaTeX Info: Redefining \[ on input line 2923.
LaTeX Info: Redefining \] on input line 2924.
)
(C:\Users\55189\AppData\Local\Programs\MiKTeX\tex/latex/caption\subcaption.sty
Package: subcaption 2020/10/07 v1.3j Sub-captions (AR)

(C:\Users\55189\AppData\Local\Programs\MiKTeX\tex/latex/caption\caption.sty
Package: caption 2020/10/26 v3.5g Customizing captions (AR)

(C:\Users\55189\AppData\Local\Programs\MiKTeX\tex/latex/caption\caption3.sty
Package: caption3 2020/10/21 v2.2e caption3 kernel (AR)
\captionmargin=\dimen165
\captionmargin@=\dimen166
\captionwidth=\dimen167
\caption@tempdima=\dimen168
\caption@indent=\dimen169
\caption@parindent=\dimen170
\caption@hangindent=\dimen171
Package caption Info: Standard document class detected.
)
\c@caption@flags=\count284
\c@continuedfloat=\count285
Package caption Info: hyperref package is loaded.
Package caption Info: wrapfig package is loaded.
)
\c@subfigure=\count286
\c@subtable=\count287
)
(C:\Users\55189\AppData\Local\Programs\MiKTeX\tex/latex/l3backend\l3backend-pdf
tex.def
File: l3backend-pdftex.def 2021-05-07 L3 backend support: PDF output (pdfTeX)
\l__color_backend_stack_int=\count288
\l__pdf_internal_box=\box53
) (trab3.aux)
\openout1 = `trab3.aux'.

LaTeX Font Info:    Checking defaults for OML/cmm/m/it on input line 12.
LaTeX Font Info:    ... okay on input line 12.
LaTeX Font Info:    Checking defaults for OMS/cmsy/m/n on input line 12.
LaTeX Font Info:    ... okay on input line 12.
LaTeX Font Info:    Checking defaults for OT1/cmr/m/n on input line 12.
LaTeX Font Info:    ... okay on input line 12.
LaTeX Font Info:    Checking defaults for T1/cmr/m/n on input line 12.
LaTeX Font Info:    ... okay on input line 12.
LaTeX Font Info:    Checking defaults for TS1/cmr/m/n on input line 12.
LaTeX Font Info:    ... okay on input line 12.
LaTeX Font Info:    Checking defaults for OMX/cmex/m/n on input line 12.
LaTeX Font Info:    ... okay on input line 12.
LaTeX Font Info:    Checking defaults for U/cmr/m/n on input line 12.
LaTeX Font Info:    ... okay on input line 12.
LaTeX Font Info:    Checking defaults for PD1/pdf/m/n on input line 12.
LaTeX Font Info:    ... okay on input line 12.
LaTeX Font Info:    Checking defaults for PU/pdf/m/n on input line 12.
LaTeX Font Info:    ... okay on input line 12.

*geometry* driver: auto-detecting
*geometry* detected driver: pdftex
*geometry* verbose mode - [ preamble ] result:
* driver: pdftex
* paper: a4paper
* layout: <same size as paper>
* layoutoffset:(h,v)=(0.0pt,0.0pt)
* modes: 
* h-part:(L,W,R)=(71.13188pt, 455.24411pt, 71.13188pt)
* v-part:(T,H,B)=(56.9055pt, 731.23584pt, 56.9055pt)
* \paperwidth=597.50787pt
* \paperheight=845.04684pt
* \textwidth=455.24411pt
* \textheight=731.23584pt
* \oddsidemargin=-1.1381pt
* \evensidemargin=-1.1381pt
* \topmargin=-52.36449pt
* \headheight=12.0pt
* \headsep=25.0pt
* \topskip=12.0pt
* \footskip=30.0pt
* \marginparwidth=35.0pt
* \marginparsep=10.0pt
* \columnsep=10.0pt
* \skip\footins=10.8pt plus 4.0pt minus 2.0pt
* \hoffset=0.0pt
* \voffset=0.0pt
* \mag=1000
* \@twocolumnfalse
* \@twosidefalse
* \@mparswitchfalse
* \@reversemarginfalse
* (1in=72.27pt=25.4mm, 1cm=28.453pt)


(C:\Users\55189\AppData\Local\Programs\MiKTeX\tex/context/base/mkii\supp-pdf.mk
ii
[Loading MPS to PDF converter (version 2006.09.02).]
\scratchcounter=\count289
\scratchdimen=\dimen172
\scratchbox=\box54
\nofMPsegments=\count290
\nofMParguments=\count291
\everyMPshowfont=\toks26
\MPscratchCnt=\count292
\MPscratchDim=\dimen173
\MPnumerator=\count293
\makeMPintoPDFobject=\count294
\everyMPtoPDFconversion=\toks27
)
(C:\Users\55189\AppData\Local\Programs\MiKTeX\tex/latex/epstopdf-pkg\epstopdf-b
ase.sty
Package: epstopdf-base 2020-01-24 v2.11 Base part for package epstopdf
Package epstopdf-base Info: Redefining graphics rule for `.eps' on input line 4
85.

(C:\Users\55189\AppData\Local\Programs\MiKTeX\tex/latex/00miktex\epstopdf-sys.c
fg
File: epstopdf-sys.cfg 2021/03/18 v2.0 Configuration of epstopdf for MiKTeX
))
Package hyperref Info: Link coloring OFF on input line 12.

(C:\Users\55189\AppData\Local\Programs\MiKTeX\tex/latex/hyperref\nameref.sty
Package: nameref 2021-04-02 v2.47 Cross-referencing by name of section

(C:\Users\55189\AppData\Local\Programs\MiKTeX\tex/latex/refcount\refcount.sty
Package: refcount 2019/12/15 v3.6 Data extraction from label references (HO)
)
(C:\Users\55189\AppData\Local\Programs\MiKTeX\tex/generic/gettitlestring\gettit
lestring.sty
Package: gettitlestring 2019/12/15 v1.6 Cleanup title references (HO)
)
\c@section@level=\count295
)
LaTeX Info: Redefining \ref on input line 12.
LaTeX Info: Redefining \pageref on input line 12.
LaTeX Info: Redefining \nameref on input line 12.
 (trab3.out) (trab3.out)
\@outlinefile=\write3
\openout3 = `trab3.out'.

Package caption Info: Begin \AtBeginDocument code.
Package caption Info: End \AtBeginDocument code.
<Imagens/a.png, id=59, 447.17062pt x 441.14813pt>
File: Imagens/a.png Graphic file (type png)
<use Imagens/a.png>
Package pdftex.def Info: Imagens/a.png  used on input line 28.
(pdftex.def)             Requested size: 357.73698pt x 352.91898pt.
<Imagens/aaa.png, id=61, 538.26094pt x 408.02437pt>
File: Imagens/aaa.png Graphic file (type png)
<use Imagens/aaa.png>
Package pdftex.def Info: Imagens/aaa.png  used on input line 34.
(pdftex.def)             Requested size: 322.95906pt x 244.81651pt.


LaTeX Warning: `h' float specifier changed to `ht'.

[1

{C:/Users/55189/AppData/Local/MiKTeX/pdftex/config/pdftex.map} <./Imagens/a.png
>]
<Imagens/aa.png, id=75, 316.18124pt x 191.9672pt>
File: Imagens/aa.png Graphic file (type png)
<use Imagens/aa.png>
Package pdftex.def Info: Imagens/aa.png  used on input line 44.
(pdftex.def)             Requested size: 252.94533pt x 153.57396pt.
<Imagens/aaaa.png, id=76, 424.58624pt x 129.48375pt>
File: Imagens/aaaa.png Graphic file (type png)
<use Imagens/aaaa.png>
Package pdftex.def Info: Imagens/aaaa.png  used on input line 57.
(pdftex.def)             Requested size: 212.2926pt x 64.7417pt.
<Imagens/aaaaa.png, id=77, 418.56375pt x 296.60812pt>
File: Imagens/aaaaa.png Graphic file (type png)
<use Imagens/aaaaa.png>
Package pdftex.def Info: Imagens/aaaaa.png  used on input line 62.
(pdftex.def)             Requested size: 209.28136pt x 148.3037pt.


LaTeX Warning: `h' float specifier changed to `ht'.

[2 <./Imagens/aaa.png> <./Imagens/aa.png>]
<Imagens/aaaaaa.png, id=89, 362.10281pt x 292.84406pt>
File: Imagens/aaaaaa.png Graphic file (type png)
<use Imagens/aaaaaa.png>
Package pdftex.def Info: Imagens/aaaaaa.png  used on input line 72.
(pdftex.def)             Requested size: 217.26335pt x 175.70778pt.
<Imagens/ppppp.png, id=90, 350.81062pt x 189.70876pt>
File: Imagens/ppppp.png Graphic file (type png)
<use Imagens/ppppp.png>
Package pdftex.def Info: Imagens/ppppp.png  used on input line 77.
(pdftex.def)             Requested size: 175.40488pt x 94.85414pt.
 [3 <./Imagens/aaaa.png> <./Imagens/aaaaa.png> <./Imagens/aaaaaa.png> <./Imagen
s/ppppp.png>]
<Imagens/b.jpg, id=103, 1284.8pt x 749.80125pt>
File: Imagens/b.jpg Graphic file (type jpg)
<use Imagens/b.jpg>
Package pdftex.def Info: Imagens/b.jpg  used on input line 92.
(pdftex.def)             Requested size: 385.44298pt x 224.94211pt.
<Imagens/bb.jpg, id=104, 1284.8pt x 1202.4925pt>
File: Imagens/bb.jpg Graphic file (type jpg)
<use Imagens/bb.jpg>
Package pdftex.def Info: Imagens/bb.jpg  used on input line 93.
(pdftex.def)             Requested size: 385.44298pt x 360.75053pt.
<Imagens/g.png, id=105, 377.15906pt x 304.13625pt>
File: Imagens/g.png Graphic file (type png)
<use Imagens/g.png>
Package pdftex.def Info: Imagens/g.png  used on input line 104.
(pdftex.def)             Requested size: 264.00954pt x 212.8939pt.
 [4 <./Imagens/b.jpg> <./Imagens/bb.jpg>] [5 <./Imagens/g.png>]
<Imagens/gg.jpg, id=119, 1284.8pt x 668.4975pt>
File: Imagens/gg.jpg Graphic file (type jpg)
<use Imagens/gg.jpg>
Package pdftex.def Info: Imagens/gg.jpg  used on input line 114.
(pdftex.def)             Requested size: 385.44298pt x 200.5508pt.
<Imagens/ggg.png, id=120, 517.935pt x 162.6075pt>
File: Imagens/ggg.png Graphic file (type png)
<use Imagens/ggg.png>
Package pdftex.def Info: Imagens/ggg.png  used on input line 127.
(pdftex.def)             Requested size: 207.17032pt x 65.04184pt.
<Imagens/gggg.png, id=121, 417.81094pt x 295.1025pt>
File: Imagens/gggg.png Graphic file (type png)
<use Imagens/gggg.png>
Package pdftex.def Info: Imagens/gggg.png  used on input line 132.
(pdftex.def)             Requested size: 167.12141pt x 118.0389pt.
 [6 <./Imagens/gg.jpg> <./Imagens/ggg.png> <./Imagens/gggg.png>]
<Imagens/f.png, id=131, 836.3747pt x 455.45157pt>
File: Imagens/f.png Graphic file (type png)
<use Imagens/f.png>
Package pdftex.def Info: Imagens/f.png  used on input line 142.
(pdftex.def)             Requested size: 334.54396pt x 182.1774pt.
<Imagens/pp.png, id=132, 624.08156pt x 188.95593pt>
File: Imagens/pp.png Graphic file (type png)
<use Imagens/pp.png>
Package pdftex.def Info: Imagens/pp.png  used on input line 147.
(pdftex.def)             Requested size: 312.04001pt x 94.47772pt.
 [7 <./Imagens/f.png> <./Imagens/pp.png>]
<Imagens/c.jpg, id=142, 1284.8pt x 899.36pt>
File: Imagens/c.jpg Graphic file (type jpg)
<use Imagens/c.jpg>
Package pdftex.def Info: Imagens/c.jpg  used on input line 166.
(pdftex.def)             Requested size: 385.44298pt x 269.81007pt.
<Imagens/cc.png, id=143, 462.22687pt x 370.38374pt>
File: Imagens/cc.png Graphic file (type png)
<use Imagens/cc.png>
Package pdftex.def Info: Imagens/cc.png  used on input line 178.
(pdftex.def)             Requested size: 231.11287pt x 185.1914pt.


LaTeX Warning: `h' float specifier changed to `ht'.

[8 <./Imagens/c.jpg>]
<Imagens/x.png, id=152, 598.48593pt x 153.57375pt>
File: Imagens/x.png Graphic file (type png)
<use Imagens/x.png>
Package pdftex.def Info: Imagens/x.png  used on input line 190.
(pdftex.def)             Requested size: 239.39012pt x 61.4284pt.

Overfull \hbox (11.76807pt too wide) in paragraph at lines 190--191
 [][] 
 []

<Imagens/xx.png, id=153, 421.575pt x 294.34969pt>
File: Imagens/xx.png Graphic file (type png)
<use Imagens/xx.png>
Package pdftex.def Info: Imagens/xx.png  used on input line 195.
(pdftex.def)             Requested size: 168.627pt x 117.73778pt.
[9 <./Imagens/cc.png> <./Imagens/x.png> <./Imagens/xx.png>]
<Imagens/xxx.png, id=163, 443.40656pt x 388.45125pt>
File: Imagens/xxx.png Graphic file (type png)
<use Imagens/xxx.png>
Package pdftex.def Info: Imagens/xxx.png  used on input line 206.
(pdftex.def)             Requested size: 221.70273pt x 194.22514pt.
<Imagens/ppp.png, id=164, 331.2375pt x 192.72pt>
File: Imagens/ppp.png Graphic file (type png)
<use Imagens/ppp.png>
Package pdftex.def Info: Imagens/ppp.png  used on input line 211.
(pdftex.def)             Requested size: 165.61833pt x 96.35976pt.
 [10 <./Imagens/xxx.png> <./Imagens/ppp.png>]
<Imagens/kk.jpg, id=173, 1284.8pt x 723.70375pt>
File: Imagens/kk.jpg Graphic file (type jpg)
<use Imagens/kk.jpg>
Package pdftex.def Info: Imagens/kk.jpg  used on input line 229.
(pdftex.def)             Requested size: 282.65688pt x 159.21532pt.
<Imagens/l.jpg, id=174, 939.51pt x 1284.8pt>
File: Imagens/l.jpg Graphic file (type jpg)
<use Imagens/l.jpg>
Package pdftex.def Info: Imagens/l.jpg  used on input line 230.
(pdftex.def)             Requested size: 281.85518pt x 385.44298pt.
<Imagens/z.png, id=175, 467.49657pt x 365.11406pt>
File: Imagens/z.png Graphic file (type png)
<use Imagens/z.png>
Package pdftex.def Info: Imagens/z.png  used on input line 241.
(pdftex.def)             Requested size: 280.50009pt x 219.07011pt.


LaTeX Warning: `h' float specifier changed to `ht'.

[11 <./Imagens/kk.jpg> <./Imagens/l.jpg>]
<Imagens/zz.png, id=182, 750.55406pt x 310.91156pt>
File: Imagens/zz.png Graphic file (type png)
<use Imagens/zz.png>
Package pdftex.def Info: Imagens/zz.png  used on input line 253.
(pdftex.def)             Requested size: 225.16795pt x 93.27417pt.
<Imagens/zzz.png, id=183, 479.54156pt x 316.18124pt>
File: Imagens/zzz.png Graphic file (type png)
<use Imagens/zzz.png>
Package pdftex.def Info: Imagens/zzz.png  used on input line 258.
(pdftex.def)             Requested size: 191.81322pt x 126.47025pt.
 [12 <./Imagens/z.png> <./Imagens/zz.png> <./Imagens/zzz.png>]
<Imagens/m.png, id=193, 657.2053pt x 385.44pt>
File: Imagens/m.png Graphic file (type png)
<use Imagens/m.png>
Package pdftex.def Info: Imagens/m.png  used on input line 268.
(pdftex.def)             Requested size: 394.32622pt x 231.26578pt.
<Imagens/pppp.png, id=194, 639.89063pt x 190.46156pt>
File: Imagens/pppp.png Graphic file (type png)
<use Imagens/pppp.png>
Package pdftex.def Info: Imagens/pppp.png  used on input line 273.
(pdftex.def)             Requested size: 319.94452pt x 95.23053pt.
 [13 <./Imagens/m.png> <./Imagens/pppp.png>] (trab3.aux)
Package rerunfilecheck Info: File `trab3.out' has not changed.
(rerunfilecheck)             Checksum: 17C60EE814DBCC837CB38FC3B4BF23E5;3894.
 ) 
Here is how much of TeX's memory you used:
 11349 strings out of 478864
 175857 string characters out of 2848661
 503362 words of memory out of 3000000
 29048 multiletter control sequences out of 15000+600000
 408692 words of font info for 45 fonts, out of 8000000 for 9000
 1141 hyphenation exceptions out of 8191
 67i,10n,77p,565b,498s stack positions out of 5000i,500n,10000p,200000b,80000s
 <C:\Users\55189\AppData\Local\MiKTeX\fonts/pk/ljfour/jknappen/ec/dpi600\tcbx
1440.pk><C:/Users/55189/AppData/Local/Programs/MiKTeX/fonts/type1/public/amsfon
ts/cm/cmbx12.pfb><C:/Users/55189/AppData/Local/Programs/MiKTeX/fonts/type1/publ
ic/amsfonts/cm/cmmi12.pfb><C:/Users/55189/AppData/Local/Programs/MiKTeX/fonts/t
ype1/public/amsfonts/cm/cmmi8.pfb><C:/Users/55189/AppData/Local/Programs/MiKTeX
/fonts/type1/public/amsfonts/cm/cmr10.pfb><C:/Users/55189/AppData/Local/Program
s/MiKTeX/fonts/type1/public/amsfonts/cm/cmr12.pfb><C:/Users/55189/AppData/Local
/Programs/MiKTeX/fonts/type1/public/amsfonts/cm/cmr17.pfb><C:/Users/55189/AppDa
ta/Local/Programs/MiKTeX/fonts/type1/public/amsfonts/cm/cmr8.pfb><C:/Users/5518
9/AppData/Local/Programs/MiKTeX/fonts/type1/public/amsfonts/cm/cmsy10.pfb><C:/U
sers/55189/AppData/Local/Programs/MiKTeX/fonts/type1/public/amsfonts/cm/cmsy8.p
fb>
Output written on trab3.pdf (13 pages, 1185078 bytes).
PDF statistics:
 261 PDF objects out of 1000 (max. 8388607)
 57 named destinations out of 1000 (max. 500000)
 253 words of extra memory for PDF output out of 10000 (max. 10000000)

