\BOOKMARK [1][-]{section.1}{Horas}{}% 1
\BOOKMARK [1][-]{section.2}{Autoapresentacao}{}% 2
\BOOKMARK [1][-]{section.3}{Numeros}{}% 3
\BOOKMARK [1][-]{section.4}{Pronome Demonstrativo}{}% 4
\BOOKMARK [2][-]{subsection.4.1}{kore, sore, are, dare \(Aula 9\)}{section.4}% 5
\BOOKMARK [2][-]{subsection.4.2}{kono, sono, ano \(Aula 10\)}{section.4}% 6
\BOOKMARK [1][-]{section.5}{koko, soko, asoko \(Aula 11\)}{}% 7
\BOOKMARK [1][-]{section.6}{Mo/tambem \(Aula 12\)}{}% 8
\BOOKMARK [1][-]{section.7}{Ne, Yo \(Aula 13\)}{}% 9
\BOOKMARK [1][-]{section.8}{Verbos de Acao \(Aula 15\)}{}% 10
\BOOKMARK [1][-]{section.9}{Verbos de Acao}{}% 11
\BOOKMARK [1][-]{section.10}{Verbos de Existencia}{}% 12
\BOOKMARK [2][-]{subsection.10.1}{Estrutura}{section.10}% 13
\BOOKMARK [2][-]{subsection.10.2}{Evento}{section.10}% 14
\BOOKMARK [2][-]{subsection.10.3}{Foco no ser}{section.10}% 15
\BOOKMARK [1][-]{section.11}{Particula mo}{}% 16
\BOOKMARK [1][-]{section.12}{Adjetivos}{}% 17
\BOOKMARK [2][-]{subsection.12.1}{Perguntando}{section.12}% 18
\BOOKMARK [1][-]{section.13}{Gostar/Odiar}{}% 19
\BOOKMARK [2][-]{subsection.13.1}{Perguntas}{section.13}% 20
\BOOKMARK [1][-]{section.14}{Objeto Indireto}{}% 21
\BOOKMARK [1][-]{section.15}{Convites}{}% 22
\BOOKMARK [1][-]{section.16}{Vocabulario}{}% 23
\BOOKMARK [2][-]{subsection.16.1}{Contagem}{section.16}% 24
\BOOKMARK [3][-]{subsubsection.16.1.1}{Pessoas}{subsection.16.1}% 25
\BOOKMARK [3][-]{subsubsection.16.1.2}{Objetos Achatados}{subsection.16.1}% 26
\BOOKMARK [3][-]{subsubsection.16.1.3}{Carros, maquinas, etc}{subsection.16.1}% 27
\BOOKMARK [3][-]{subsubsection.16.1.4}{Quilograma}{subsection.16.1}% 28
\BOOKMARK [3][-]{subsubsection.16.1.5}{Objetos finos e achatados}{subsection.16.1}% 29
\BOOKMARK [3][-]{subsubsection.16.1.6}{Uso Generico}{subsection.16.1}% 30
\BOOKMARK [2][-]{subsection.16.2}{Mes}{section.16}% 31
\BOOKMARK [2][-]{subsection.16.3}{Adjetivos}{section.16}% 32
\BOOKMARK [2][-]{subsection.16.4}{Adverbio de Intensidade}{section.16}% 33
