This is pdfTeX, Version 3.141592653-2.6-1.40.22 (MiKTeX 21.6) (preloaded format=pdflatex 2021.9.9)  9 DEC 2021 16:34
entering extended mode
**./Dinâmica.tex
(Dinâmica.tex
LaTeX2e <2021-06-01>
L3 programming layer <2021-06-01>
(C:\Users\55189\AppData\Local\Programs\MiKTeX\tex/latex/base\article.cls
Document Class: article 2021/02/12 v1.4n Standard LaTeX document class
(C:\Users\55189\AppData\Local\Programs\MiKTeX\tex/latex/base\size12.clo
File: size12.clo 2021/02/12 v1.4n Standard LaTeX file (size option)
)
\c@part=\count182
\c@section=\count183
\c@subsection=\count184
\c@subsubsection=\count185
\c@paragraph=\count186
\c@subparagraph=\count187
\c@figure=\count188
\c@table=\count189
\abovecaptionskip=\skip47
\belowcaptionskip=\skip48
\bibindent=\dimen138
)
(C:\Users\55189\AppData\Local\Programs\MiKTeX\tex/latex/geometry\geometry.sty
Package: geometry 2020/01/02 v5.9 Page Geometry

(C:\Users\55189\AppData\Local\Programs\MiKTeX\tex/latex/graphics\keyval.sty
Package: keyval 2014/10/28 v1.15 key=value parser (DPC)
\KV@toks@=\toks16
)
(C:\Users\55189\AppData\Local\Programs\MiKTeX\tex/generic/iftex\ifvtex.sty
Package: ifvtex 2019/10/25 v1.7 ifvtex legacy package. Use iftex instead.

(C:\Users\55189\AppData\Local\Programs\MiKTeX\tex/generic/iftex\iftex.sty
Package: iftex 2020/03/06 v1.0d TeX engine tests
))
\Gm@cnth=\count190
\Gm@cntv=\count191
\c@Gm@tempcnt=\count192
\Gm@bindingoffset=\dimen139
\Gm@wd@mp=\dimen140
\Gm@odd@mp=\dimen141
\Gm@even@mp=\dimen142
\Gm@layoutwidth=\dimen143
\Gm@layoutheight=\dimen144
\Gm@layouthoffset=\dimen145
\Gm@layoutvoffset=\dimen146
\Gm@dimlist=\toks17

(C:\Users\55189\AppData\Local\Programs\MiKTeX\tex/latex/geometry\geometry.cfg))
(C:\Users\55189\AppData\Local\Programs\MiKTeX\tex/latex/base\inputenc.sty
Package: inputenc 2021/02/14 v1.3d Input encoding file
\inpenc@prehook=\toks18
\inpenc@posthook=\toks19
)
(C:\Users\55189\AppData\Local\Programs\MiKTeX\tex/generic/babel\babel.sty
Package: babel 2021/06/02 3.60 The Babel package

(C:\Users\55189\AppData\Local\Programs\MiKTeX\tex/generic/babel\babel.def
File: babel.def 2021/06/02 3.60 Babel common definitions
\babel@savecnt=\count193
\U@D=\dimen147
\l@unhyphenated=\language79

(C:\Users\55189\AppData\Local\Programs\MiKTeX\tex/generic/babel\txtbabel.def)
\bbl@readstream=\read2
)
\bbl@dirlevel=\count194

*************************************
* Local config file bblopts.cfg used
*
(C:\Users\55189\AppData\Local\Programs\MiKTeX\tex/latex/arabi\bblopts.cfg
File: bblopts.cfg 2005/09/08 v0.1 add Arabic and Farsi to "declared" options of
 babel
)
(C:\Users\55189\AppData\Local\Programs\MiKTeX\tex/latex/babel-portuges\brazilia
n.ldf
Language: portuges 2021/07/09 v1.2t Portuguese support from the babel system
Package babel Info: Hyphen rules for 'brazilian' set to \l@portuguese
(babel)             (\language56). Reported on input line 111.
Package babel Info: Making " an active character on input line 143.
))
(C:\Users\55189\AppData\Local\Programs\MiKTeX\tex/latex/amsmath\amsmath.sty
Package: amsmath 2021/04/20 v2.17j AMS math features
\@mathmargin=\skip49

For additional information on amsmath, use the `?' option.
(C:\Users\55189\AppData\Local\Programs\MiKTeX\tex/latex/amsmath\amstext.sty
Package: amstext 2000/06/29 v2.01 AMS text

(C:\Users\55189\AppData\Local\Programs\MiKTeX\tex/latex/amsmath\amsgen.sty
File: amsgen.sty 1999/11/30 v2.0 generic functions
\@emptytoks=\toks20
\ex@=\dimen148
))
(C:\Users\55189\AppData\Local\Programs\MiKTeX\tex/latex/amsmath\amsbsy.sty
Package: amsbsy 1999/11/29 v1.2d Bold Symbols
\pmbraise@=\dimen149
)
(C:\Users\55189\AppData\Local\Programs\MiKTeX\tex/latex/amsmath\amsopn.sty
Package: amsopn 2016/03/08 v2.02 operator names
)
\inf@bad=\count195
LaTeX Info: Redefining \frac on input line 234.
\uproot@=\count196
\leftroot@=\count197
LaTeX Info: Redefining \overline on input line 399.
\classnum@=\count198
\DOTSCASE@=\count199
LaTeX Info: Redefining \ldots on input line 496.
LaTeX Info: Redefining \dots on input line 499.
LaTeX Info: Redefining \cdots on input line 620.
\Mathstrutbox@=\box50
\strutbox@=\box51
\big@size=\dimen150
LaTeX Font Info:    Redeclaring font encoding OML on input line 743.
LaTeX Font Info:    Redeclaring font encoding OMS on input line 744.
\macc@depth=\count266
\c@MaxMatrixCols=\count267
\dotsspace@=\muskip16
\c@parentequation=\count268
\dspbrk@lvl=\count269
\tag@help=\toks21
\row@=\count270
\column@=\count271
\maxfields@=\count272
\andhelp@=\toks22
\eqnshift@=\dimen151
\alignsep@=\dimen152
\tagshift@=\dimen153
\tagwidth@=\dimen154
\totwidth@=\dimen155
\lineht@=\dimen156
\@envbody=\toks23
\multlinegap=\skip50
\multlinetaggap=\skip51
\mathdisplay@stack=\toks24
LaTeX Info: Redefining \[ on input line 2923.
LaTeX Info: Redefining \] on input line 2924.
)
(C:\Users\55189\AppData\Local\Programs\MiKTeX\tex/latex/tools\indentfirst.sty
Package: indentfirst 1995/11/23 v1.03 Indent first paragraph (DPC)
)
(C:\Users\55189\AppData\Local\Programs\MiKTeX\tex/latex/graphics\graphicx.sty
Package: graphicx 2020/12/05 v1.2c Enhanced LaTeX Graphics (DPC,SPQR)

(C:\Users\55189\AppData\Local\Programs\MiKTeX\tex/latex/graphics\graphics.sty
Package: graphics 2021/03/04 v1.4d Standard LaTeX Graphics (DPC,SPQR)

(C:\Users\55189\AppData\Local\Programs\MiKTeX\tex/latex/graphics\trig.sty
Package: trig 2016/01/03 v1.10 sin cos tan (DPC)
)
(C:\Users\55189\AppData\Local\Programs\MiKTeX\tex/latex/graphics-cfg\graphics.c
fg
File: graphics.cfg 2016/06/04 v1.11 sample graphics configuration
)
Package graphics Info: Driver file: pdftex.def on input line 107.

(C:\Users\55189\AppData\Local\Programs\MiKTeX\tex/latex/graphics-def\pdftex.def
File: pdftex.def 2020/10/05 v1.2a Graphics/color driver for pdftex
))
\Gin@req@height=\dimen157
\Gin@req@width=\dimen158
) (C:\Users\55189\AppData\Local\Programs\MiKTeX\tex/latex/wrapfig\wrapfig.sty
\wrapoverhang=\dimen159
\WF@size=\dimen160
\c@WF@wrappedlines=\count273
\WF@box=\box52
\WF@everypar=\toks25
Package: wrapfig 2003/01/31  v 3.6
) (C:\Users\55189\AppData\Local\Programs\MiKTeX\tex/latex/hyperref\hyperref.sty
Package: hyperref 2021-06-05 v7.00l Hypertext links for LaTeX
(C:\Users\55189\AppData\Local\Programs\MiKTeX\tex/generic/ltxcmds\ltxcmds.sty
Package: ltxcmds 2020-05-10 v1.25 LaTeX kernel commands for general use (HO)
)
(C:\Users\55189\AppData\Local\Programs\MiKTeX\tex/generic/pdftexcmds\pdftexcmds
.sty
Package: pdftexcmds 2020-06-27 v0.33 Utility functions of pdfTeX for LuaTeX (HO
)

(C:\Users\55189\AppData\Local\Programs\MiKTeX\tex/generic/infwarerr\infwarerr.s
ty
Package: infwarerr 2019/12/03 v1.5 Providing info/warning/error messages (HO)
)
Package pdftexcmds Info: \pdf@primitive is available.
Package pdftexcmds Info: \pdf@ifprimitive is available.
Package pdftexcmds Info: \pdfdraftmode found.
)
(C:\Users\55189\AppData\Local\Programs\MiKTeX\tex/generic/kvsetkeys\kvsetkeys.s
ty
Package: kvsetkeys 2019/12/15 v1.18 Key value parser (HO)
)
(C:\Users\55189\AppData\Local\Programs\MiKTeX\tex/generic/kvdefinekeys\kvdefine
keys.sty
Package: kvdefinekeys 2019-12-19 v1.6 Define keys (HO)
)
(C:\Users\55189\AppData\Local\Programs\MiKTeX\tex/generic/pdfescape\pdfescape.s
ty
Package: pdfescape 2019/12/09 v1.15 Implements pdfTeX's escape features (HO)
) (C:\Users\55189\AppData\Local\Programs\MiKTeX\tex/latex/hycolor\hycolor.sty
Package: hycolor 2020-01-27 v1.10 Color options for hyperref/bookmark (HO)
)
(C:\Users\55189\AppData\Local\Programs\MiKTeX\tex/latex/letltxmacro\letltxmacro
.sty
Package: letltxmacro 2019/12/03 v1.6 Let assignment for LaTeX macros (HO)
)
(C:\Users\55189\AppData\Local\Programs\MiKTeX\tex/latex/auxhook\auxhook.sty
Package: auxhook 2019-12-17 v1.6 Hooks for auxiliary files (HO)
)
(C:\Users\55189\AppData\Local\Programs\MiKTeX\tex/latex/kvoptions\kvoptions.sty
Package: kvoptions 2020-10-07 v3.14 Key value format for package options (HO)
)
\@linkdim=\dimen161
\Hy@linkcounter=\count274
\Hy@pagecounter=\count275
 (C:\Users\55189\AppData\Local\Programs\MiKTeX\tex/latex/hyperref\pd1enc.def
File: pd1enc.def 2021-06-05 v7.00l Hyperref: PDFDocEncoding definition (HO)
Now handling font encoding PD1 ...
... no UTF-8 mapping file for font encoding PD1
)
(C:\Users\55189\AppData\Local\Programs\MiKTeX\tex/latex/hyperref\hyperref-langp
atches.def
File: hyperref-langpatches.def 2021-06-05 v7.00l Hyperref: patches for babel la
nguages
)
(C:\Users\55189\AppData\Local\Programs\MiKTeX\tex/generic/intcalc\intcalc.sty
Package: intcalc 2019/12/15 v1.3 Expandable calculations with integers (HO)
)
(C:\Users\55189\AppData\Local\Programs\MiKTeX\tex/generic/etexcmds\etexcmds.sty
Package: etexcmds 2019/12/15 v1.7 Avoid name clashes with e-TeX commands (HO)
)
\Hy@SavedSpaceFactor=\count276
 (C:\Users\55189\AppData\Local\Programs\MiKTeX\tex/latex/hyperref\puenc.def
File: puenc.def 2021-06-05 v7.00l Hyperref: PDF Unicode definition (HO)
Now handling font encoding PU ...
... no UTF-8 mapping file for font encoding PU
)
Package hyperref Info: Hyper figures OFF on input line 4192.
Package hyperref Info: Link nesting OFF on input line 4197.
Package hyperref Info: Hyper index ON on input line 4200.
Package hyperref Info: Plain pages OFF on input line 4207.
Package hyperref Info: Backreferencing OFF on input line 4212.
Package hyperref Info: Implicit mode ON; LaTeX internals redefined.
Package hyperref Info: Bookmarks ON on input line 4445.
\c@Hy@tempcnt=\count277

(C:\Users\55189\AppData\Local\Programs\MiKTeX\tex/latex/url\url.sty
\Urlmuskip=\muskip17
Package: url 2013/09/16  ver 3.4  Verb mode for urls, etc.
)
LaTeX Info: Redefining \url on input line 4804.
\XeTeXLinkMargin=\dimen162

(C:\Users\55189\AppData\Local\Programs\MiKTeX\tex/generic/bitset\bitset.sty
Package: bitset 2019/12/09 v1.3 Handle bit-vector datatype (HO)

(C:\Users\55189\AppData\Local\Programs\MiKTeX\tex/generic/bigintcalc\bigintcalc
.sty
Package: bigintcalc 2019/12/15 v1.5 Expandable calculations on big integers (HO
)
))
\Fld@menulength=\count278
\Field@Width=\dimen163
\Fld@charsize=\dimen164
Package hyperref Info: Hyper figures OFF on input line 6076.
Package hyperref Info: Link nesting OFF on input line 6081.
Package hyperref Info: Hyper index ON on input line 6084.
Package hyperref Info: backreferencing OFF on input line 6091.
Package hyperref Info: Link coloring OFF on input line 6096.
Package hyperref Info: Link coloring with OCG OFF on input line 6101.
Package hyperref Info: PDF/A mode OFF on input line 6106.
LaTeX Info: Redefining \ref on input line 6146.
LaTeX Info: Redefining \pageref on input line 6150.

(C:\Users\55189\AppData\Local\Programs\MiKTeX\tex/latex/base\atbegshi-ltx.sty
Package: atbegshi-ltx 2021/01/10 v1.0c Emulation of the original atbegshi
package with kernel methods
)
\Hy@abspage=\count279
\c@Item=\count280
\c@Hfootnote=\count281
)
Package hyperref Info: Driver: hpdftex.
(C:\Users\55189\AppData\Local\Programs\MiKTeX\tex/latex/hyperref\hpdftex.def
File: hpdftex.def 2021-06-05 v7.00l Hyperref driver for pdfTeX

(C:\Users\55189\AppData\Local\Programs\MiKTeX\tex/latex/base\atveryend-ltx.sty
Package: atveryend-ltx 2020/08/19 v1.0a Emulation of the original atvery packag
e
with kernel methods
)
\Fld@listcount=\count282
\c@bookmark@seq@number=\count283

(C:\Users\55189\AppData\Local\Programs\MiKTeX\tex/latex/rerunfilecheck\rerunfil
echeck.sty
Package: rerunfilecheck 2019/12/05 v1.9 Rerun checks for auxiliary files (HO)

(C:\Users\55189\AppData\Local\Programs\MiKTeX\tex/generic/uniquecounter\uniquec
ounter.sty
Package: uniquecounter 2019/12/15 v1.4 Provide unlimited unique counter (HO)
)
Package uniquecounter Info: New unique counter `rerunfilecheck' on input line 2
86.
)
\Hy@SectionHShift=\skip52
)
(C:\Users\55189\AppData\Local\Programs\MiKTeX\tex/latex/l3backend\l3backend-pdf
tex.def
File: l3backend-pdftex.def 2021-05-07 L3 backend support: PDF output (pdfTeX)
\l__color_backend_stack_int=\count284
\l__pdf_internal_box=\box53
) (Dinâmica.aux)
\openout1 = `Dinâmica.aux'.

LaTeX Font Info:    Checking defaults for OML/cmm/m/it on input line 12.
LaTeX Font Info:    ... okay on input line 12.
LaTeX Font Info:    Checking defaults for OMS/cmsy/m/n on input line 12.
LaTeX Font Info:    ... okay on input line 12.
LaTeX Font Info:    Checking defaults for OT1/cmr/m/n on input line 12.
LaTeX Font Info:    ... okay on input line 12.
LaTeX Font Info:    Checking defaults for T1/cmr/m/n on input line 12.
LaTeX Font Info:    ... okay on input line 12.
LaTeX Font Info:    Checking defaults for TS1/cmr/m/n on input line 12.
LaTeX Font Info:    ... okay on input line 12.
LaTeX Font Info:    Checking defaults for OMX/cmex/m/n on input line 12.
LaTeX Font Info:    ... okay on input line 12.
LaTeX Font Info:    Checking defaults for U/cmr/m/n on input line 12.
LaTeX Font Info:    ... okay on input line 12.
LaTeX Font Info:    Checking defaults for PD1/pdf/m/n on input line 12.
LaTeX Font Info:    ... okay on input line 12.
LaTeX Font Info:    Checking defaults for PU/pdf/m/n on input line 12.
LaTeX Font Info:    ... okay on input line 12.

*geometry* driver: auto-detecting
*geometry* detected driver: pdftex
*geometry* verbose mode - [ preamble ] result:
* driver: pdftex
* paper: a4paper
* layout: <same size as paper>
* layoutoffset:(h,v)=(0.0pt,0.0pt)
* modes: 
* h-part:(L,W,R)=(71.13188pt, 455.24411pt, 71.13188pt)
* v-part:(T,H,B)=(56.9055pt, 731.23584pt, 56.9055pt)
* \paperwidth=597.50787pt
* \paperheight=845.04684pt
* \textwidth=455.24411pt
* \textheight=731.23584pt
* \oddsidemargin=-1.1381pt
* \evensidemargin=-1.1381pt
* \topmargin=-52.36449pt
* \headheight=12.0pt
* \headsep=25.0pt
* \topskip=12.0pt
* \footskip=30.0pt
* \marginparwidth=35.0pt
* \marginparsep=10.0pt
* \columnsep=10.0pt
* \skip\footins=10.8pt plus 4.0pt minus 2.0pt
* \hoffset=0.0pt
* \voffset=0.0pt
* \mag=1000
* \@twocolumnfalse
* \@twosidefalse
* \@mparswitchfalse
* \@reversemarginfalse
* (1in=72.27pt=25.4mm, 1cm=28.453pt)


(C:\Users\55189\AppData\Local\Programs\MiKTeX\tex/context/base/mkii\supp-pdf.mk
ii
[Loading MPS to PDF converter (version 2006.09.02).]
\scratchcounter=\count285
\scratchdimen=\dimen165
\scratchbox=\box54
\nofMPsegments=\count286
\nofMParguments=\count287
\everyMPshowfont=\toks26
\MPscratchCnt=\count288
\MPscratchDim=\dimen166
\MPnumerator=\count289
\makeMPintoPDFobject=\count290
\everyMPtoPDFconversion=\toks27
)
(C:\Users\55189\AppData\Local\Programs\MiKTeX\tex/latex/epstopdf-pkg\epstopdf-b
ase.sty
Package: epstopdf-base 2020-01-24 v2.11 Base part for package epstopdf
Package epstopdf-base Info: Redefining graphics rule for `.eps' on input line 4
85.

(C:\Users\55189\AppData\Local\Programs\MiKTeX\tex/latex/00miktex\epstopdf-sys.c
fg
File: epstopdf-sys.cfg 2021/03/18 v2.0 Configuration of epstopdf for MiKTeX
))
Package hyperref Info: Link coloring OFF on input line 12.

(C:\Users\55189\AppData\Local\Programs\MiKTeX\tex/latex/hyperref\nameref.sty
Package: nameref 2021-04-02 v2.47 Cross-referencing by name of section

(C:\Users\55189\AppData\Local\Programs\MiKTeX\tex/latex/refcount\refcount.sty
Package: refcount 2019/12/15 v3.6 Data extraction from label references (HO)
)
(C:\Users\55189\AppData\Local\Programs\MiKTeX\tex/generic/gettitlestring\gettit
lestring.sty
Package: gettitlestring 2019/12/15 v1.6 Cleanup title references (HO)
)
\c@section@level=\count291
)
LaTeX Info: Redefining \ref on input line 12.
LaTeX Info: Redefining \pageref on input line 12.
LaTeX Info: Redefining \nameref on input line 12.
 (Dinâmica.out) (Dinâmica.out)
\@outlinefile=\write3
\openout3 = `Dinâmica.out'.


Underfull \hbox (badness 10000) in paragraph at lines 23--24

 []

[1

{C:/Users/55189/AppData/Local/MiKTeX/pdftex/config/pdftex.map}]
(Dinâmica.tocpdfTeX warning (ext4): destination with the same identifier (name
{page.1}) has been already used, duplicate ignored
<to be read again> 
                   \relax 
l.39 ...imento tridimensional}{17}{subsection.9.5}
                                                  % [1])
\tf@toc=\write4
\openout4 = `Dinâmica.toc'.

 [2]
<imagens/mr.png, id=254, 390.70969pt x 411.03563pt>
File: imagens/mr.png Graphic file (type png)
<use imagens/mr.png>
Package pdftex.def Info: imagens/mr.png  used on input line 78.
(pdftex.def)             Requested size: 175.81773pt x 184.96432pt.
<imagens/c.png, id=255, 342.5297pt x 262.73157pt>
File: imagens/c.png Graphic file (type png)
<use imagens/c.png>
Package pdftex.def Info: imagens/c.png  used on input line 93.
(pdftex.def)             Requested size: 171.26442pt x 131.36545pt.
 [3 <./imagens/mr.png (PNG copy)>]
<imagens/t.png, id=270, 351.56343pt x 258.21469pt>
File: imagens/t.png Graphic file (type png)
<use imagens/t.png>
Package pdftex.def Info: imagens/t.png  used on input line 104.
(pdftex.def)             Requested size: 175.78128pt x 129.10703pt.
<imagens/pol.png, id=271, 415.5525pt x 293.59688pt>
File: imagens/pol.png Graphic file (type png)
<use imagens/pol.png>
Package pdftex.def Info: imagens/pol.png  used on input line 116.
(pdftex.def)             Requested size: 207.77574pt x 146.79807pt.


LaTeX Warning: `h' float specifier changed to `ht'.

[4 <./imagens/c.png (PNG copy)> <./imagens/t.png (PNG copy)>]
<imagens/cc.png, id=286, 373.395pt x 236.38312pt>
File: imagens/cc.png Graphic file (type png)
<use imagens/cc.png>
Package pdftex.def Info: imagens/cc.png  used on input line 146.
(pdftex.def)             Requested size: 186.69704pt x 118.19127pt.
 [5 <./imagens/pol.png (PNG copy)> <./imagens/cc.png (PNG copy)>]
<imagens/ccc.png, id=294, 727.21687pt x 529.22719pt>
File: imagens/ccc.png Graphic file (type png)
<use imagens/ccc.png>
Package pdftex.def Info: imagens/ccc.png  used on input line 152.
(pdftex.def)             Requested size: 436.33348pt x 317.53876pt.
File: imagens/cc.png Graphic file (type png)
<use imagens/cc.png>
Package pdftex.def Info: imagens/cc.png  used on input line 159.
(pdftex.def)             Requested size: 186.69704pt x 118.19127pt.
 [6 <./imagens/ccc.png (PNG copy)>]
<imagens/e.png, id=304, 327.47343pt x 276.28218pt>
File: imagens/e.png Graphic file (type png)
<use imagens/e.png>
Package pdftex.def Info: imagens/e.png  used on input line 171.
(pdftex.def)             Requested size: 163.73631pt x 138.14075pt.
<imagens/ee.png, id=305, 306.39468pt x 377.91188pt>
File: imagens/ee.png Graphic file (type png)
<use imagens/ee.png>
Package pdftex.def Info: imagens/ee.png  used on input line 180.
(pdftex.def)             Requested size: 153.19696pt x 188.95547pt.
 [7 <./imagens/e.png (PNG copy)> <./imagens/ee.png (PNG copy)>]
<imagens/r.png, id=313, 292.09125pt x 249.18094pt>
File: imagens/r.png Graphic file (type png)
<use imagens/r.png>
Package pdftex.def Info: imagens/r.png  used on input line 190.
(pdftex.def)             Requested size: 146.04526pt x 124.59015pt.
<imagens/rr.png, id=314, 327.47343pt x 205.5178pt>
File: imagens/rr.png Graphic file (type png)
<use imagens/rr.png>
Package pdftex.def Info: imagens/rr.png  used on input line 203.
(pdftex.def)             Requested size: 163.73631pt x 102.75865pt.
 [8 <./imagens/r.png (PNG copy)> <./imagens/rr.png (PNG copy)>]
<imagens/ra.png, id=326, 351.56343pt x 283.0575pt>
File: imagens/ra.png Graphic file (type png)
<use imagens/ra.png>
Package pdftex.def Info: imagens/ra.png  used on input line 216.
(pdftex.def)             Requested size: 175.78128pt x 141.5284pt.
<imagens/a.png, id=327, 458.46281pt x 322.20375pt>
File: imagens/a.png Graphic file (type png)
<use imagens/a.png>
Package pdftex.def Info: imagens/a.png  used on input line 240.
(pdftex.def)             Requested size: 229.23083pt x 161.10147pt.
 [9 <./imagens/ra.png (PNG copy)> <./imagens/a.png (PNG copy)>]
<imagens/a1.png, id=340, 234.8775pt x 257.46187pt>
File: imagens/a1.png Graphic file (type png)
<use imagens/a1.png>
Package pdftex.def Info: imagens/a1.png  used on input line 250.
(pdftex.def)             Requested size: 117.43846pt x 128.7306pt.
 [10 <./imagens/a1.png (PNG copy)>]
<imagens/a2.png, id=352, 315.42844pt x 307.90031pt>
File: imagens/a2.png Graphic file (type png)
<use imagens/a2.png>
Package pdftex.def Info: imagens/a2.png  used on input line 269.
(pdftex.def)             Requested size: 157.71382pt x 153.94977pt.

Underfull \hbox (badness 10000) in paragraph at lines 272--273

 []

[11 <./imagens/a2.png (PNG copy)>]
<imagens/a3.png, id=363, 448.67625pt x 303.38344pt>
File: imagens/a3.png Graphic file (type png)
<use imagens/a3.png>
Package pdftex.def Info: imagens/a3.png  used on input line 300.
(pdftex.def)             Requested size: 224.33757pt x 151.69135pt.
<imagens/a4.png, id=364, 395.97937pt x 307.90031pt>
File: imagens/a4.png Graphic file (type png)
<use imagens/a4.png>
Package pdftex.def Info: imagens/a4.png  used on input line 317.
(pdftex.def)             Requested size: 197.9892pt x 153.94977pt.

Underfull \hbox (badness 10000) in paragraph at lines 322--324

 []

[12 <./imagens/a3.png (PNG copy)> <./imagens/a4.png (PNG copy)>]
Underfull \hbox (badness 10000) in paragraph at lines 334--335

 []

<imagens/a5.png, id=377, 461.47406pt x 356.0803pt>
File: imagens/a5.png Graphic file (type png)
<use imagens/a5.png>
Package pdftex.def Info: imagens/a5.png  used on input line 352.
(pdftex.def)             Requested size: 230.73645pt x 178.03972pt.

Underfull \hbox (badness 10000) in paragraph at lines 377--378

 []


Underfull \hbox (badness 10000) in paragraph at lines 379--380

 []

[13 <./imagens/a5.png (PNG copy)>] [14]
<imagens/a6.png, id=398, 330.48468pt x 308.65312pt>
File: imagens/a6.png Graphic file (type png)
<use imagens/a6.png>
Package pdftex.def Info: imagens/a6.png  used on input line 404.
(pdftex.def)             Requested size: 165.24193pt x 154.32617pt.
 [15 <./imagens/a6.png (PNG copy)>]
<imagens/a7.png, id=419, 349.305pt x 309.40594pt>
File: imagens/a7.png Graphic file (type png)
<use imagens/a7.png>
Package pdftex.def Info: imagens/a7.png  used on input line 446.
(pdftex.def)             Requested size: 174.65207pt x 154.70259pt.

[16 <./imagens/a7.png (PNG copy)>]
Underfull \hbox (badness 10000) in paragraph at lines 483--484

 []

<imagens/a8.png, id=432, 398.99063pt x 316.18124pt>
File: imagens/a8.png Graphic file (type png)
<use imagens/a8.png>
Package pdftex.def Info: imagens/a8.png  used on input line 501.
(pdftex.def)             Requested size: 199.49483pt x 158.09023pt.
[17 <./imagens/a8.png>]
Underfull \hbox (badness 10000) in paragraph at lines 531--532

 []

<imagens/a9.png, id=447, 334.24875pt x 349.305pt>
File: imagens/a9.png Graphic file (type png)
<use imagens/a9.png>
Package pdftex.def Info: imagens/a9.png  used on input line 536.
(pdftex.def)             Requested size: 167.12396pt x 174.65207pt.
<imagens/a10.png, id=448, 761.09344pt x 328.97906pt>
File: imagens/a10.png Graphic file (type png)
<use imagens/a10.png>
Package pdftex.def Info: imagens/a10.png  used on input line 552.
(pdftex.def)             Requested size: 532.7618pt x 230.28377pt.

Overfull \hbox (77.51768pt too wide) in paragraph at lines 552--553
 [] 
 []


LaTeX Warning: `h' float specifier changed to `ht'.

<imagens/a11.png, id=449, 369.63094pt x 213.04594pt>
File: imagens/a11.png Graphic file (type png)
<use imagens/a11.png>
Package pdftex.def Info: imagens/a11.png  used on input line 559.
(pdftex.def)             Requested size: 258.73988pt x 149.13113pt.

LaTeX Warning: `h' float specifier changed to `ht'.


Underfull \hbox (badness 10000) in paragraph at lines 574--576

 []


Underfull \hbox (badness 10000) in paragraph at lines 577--578

 []

[18 <./imagens/a9.png>] [19 <./imagens/a10.png> <./imagens/a11.png>]
<imagens/b1.png, id=471, 475.7775pt x 323.70938pt>
File: imagens/b1.png Graphic file (type png)
<use imagens/b1.png>
Package pdftex.def Info: imagens/b1.png  used on input line 586.
(pdftex.def)             Requested size: 333.04196pt x 226.59502pt.

Underfull \hbox (badness 10000) in paragraph at lines 610--612

 []

[20 <./imagens/b1.png>]
<imagens/b2.png, id=485, 807.015pt x 268.00125pt>
File: imagens/b2.png Graphic file (type png)
<use imagens/b2.png>
Package pdftex.def Info: imagens/b2.png  used on input line 632.
(pdftex.def)             Requested size: 564.90665pt x 187.59958pt.

Overfull \hbox (109.66254pt too wide) in paragraph at lines 632--633
 [] 
 []

<imagens/b3.png, id=486, 810.77907pt x 368.1253pt>
File: imagens/b3.png Graphic file (type png)
<use imagens/b3.png>
Package pdftex.def Info: imagens/b3.png  used on input line 636.
(pdftex.def)             Requested size: 567.54149pt x 257.68596pt.

Overfull \hbox (112.29738pt too wide) in paragraph at lines 636--637
 [] 
 []

<imagens/b4.png, id=487, 806.26219pt x 361.35pt>
File: imagens/b4.png Graphic file (type png)
<use imagens/b4.png>
Package pdftex.def Info: imagens/b4.png  used on input line 640.
(pdftex.def)             Requested size: 564.37968pt x 252.94327pt.

Overfull \hbox (109.13557pt too wide) in paragraph at lines 640--641
 [] 
 []


LaTeX Warning: `h' float specifier changed to `ht'.

<imagens/b5.png, id=488, 809.27344pt x 334.24875pt>
File: imagens/b5.png Graphic file (type png)
<use imagens/b5.png>
Package pdftex.def Info: imagens/b5.png  used on input line 644.
(pdftex.def)             Requested size: 566.48755pt x 233.97252pt.

Overfull \hbox (111.24344pt too wide) in paragraph at lines 644--645
 [] 
 []


LaTeX Warning: `h' float specifier changed to `ht'.

[21 <./imagens/b2.png> <./imagens/b3.png>] [22 <./imagens/b4.png> <./imagens/b5
.png>] (Dinâmica.aux)
Package rerunfilecheck Info: File `Dinâmica.out' has not changed.
(rerunfilecheck)             Checksum: DCE64716B1F2AF79BE43BB5B210D98CA;15069.
 ) 
Here is how much of TeX's memory you used:
 10266 strings out of 478864
 153118 string characters out of 2848661
 492187 words of memory out of 3000000
 27850 multiletter control sequences out of 15000+600000
 410535 words of font info for 51 fonts, out of 8000000 for 9000
 1141 hyphenation exceptions out of 8191
 60i,11n,66p,814b,470s stack positions out of 5000i,500n,10000p,200000b,80000s
 <C:\Users\55189\AppData\Local\MiKTeX\fonts/pk/ljfour/jknappen/ec/dpi600\tcrm
1200.pk><C:/Users/55189/AppData/Local/Programs/MiKTeX/fonts/type1/public/amsfon
ts/cm/cmbx12.pfb><C:/Users/55189/AppData/Local/Programs/MiKTeX/fonts/type1/publ
ic/amsfonts/cm/cmex10.pfb><C:/Users/55189/AppData/Local/Programs/MiKTeX/fonts/t
ype1/public/amsfonts/cm/cmmi12.pfb><C:/Users/55189/AppData/Local/Programs/MiKTe
X/fonts/type1/public/amsfonts/cm/cmmi6.pfb><C:/Users/55189/AppData/Local/Progra
ms/MiKTeX/fonts/type1/public/amsfonts/cm/cmmi8.pfb><C:/Users/55189/AppData/Loca
l/Programs/MiKTeX/fonts/type1/public/amsfonts/cm/cmr10.pfb><C:/Users/55189/AppD
ata/Local/Programs/MiKTeX/fonts/type1/public/amsfonts/cm/cmr12.pfb><C:/Users/55
189/AppData/Local/Programs/MiKTeX/fonts/type1/public/amsfonts/cm/cmr17.pfb><C:/
Users/55189/AppData/Local/Programs/MiKTeX/fonts/type1/public/amsfonts/cm/cmr6.p
fb><C:/Users/55189/AppData/Local/Programs/MiKTeX/fonts/type1/public/amsfonts/cm
/cmr8.pfb><C:/Users/55189/AppData/Local/Programs/MiKTeX/fonts/type1/public/amsf
onts/cm/cmsy10.pfb><C:/Users/55189/AppData/Local/Programs/MiKTeX/fonts/type1/pu
blic/amsfonts/cm/cmsy6.pfb><C:/Users/55189/AppData/Local/Programs/MiKTeX/fonts/
type1/public/amsfonts/cm/cmsy8.pfb><C:/Users/55189/AppData/Local/Programs/MiKTe
X/fonts/type1/public/amsfonts/cm/cmti12.pfb>
Output written on Dinâmica.pdf (23 pages, 1979089 bytes).
PDF statistics:
 602 PDF objects out of 1000 (max. 8388607)
 177 named destinations out of 1000 (max. 500000)
 501 words of extra memory for PDF output out of 10000 (max. 10000000)

