This is pdfTeX, Version 3.14159265-2.6-1.40.20 (TeX Live 2019/Debian) (preloaded format=pdflatex 2021.3.4)  18 JUN 2021 19:56
entering extended mode
 restricted \write18 enabled.
 %&-line parsing enabled.
**Termo_I.tex
(./Termo_I.tex
LaTeX2e <2020-02-02> patch level 2
L3 programming layer <2020-02-14>
(/usr/share/texlive/texmf-dist/tex/latex/base/article.cls
Document Class: article 2019/12/20 v1.4l Standard LaTeX document class
(/usr/share/texlive/texmf-dist/tex/latex/base/size12.clo
File: size12.clo 2019/12/20 v1.4l Standard LaTeX file (size option)
)
\c@part=\count167
\c@section=\count168
\c@subsection=\count169
\c@subsubsection=\count170
\c@paragraph=\count171
\c@subparagraph=\count172
\c@figure=\count173
\c@table=\count174
\abovecaptionskip=\skip47
\belowcaptionskip=\skip48
\bibindent=\dimen134
)
(/usr/share/texlive/texmf-dist/tex/latex/geometry/geometry.sty
Package: geometry 2020/01/02 v5.9 Page Geometry

(/usr/share/texlive/texmf-dist/tex/latex/graphics/keyval.sty
Package: keyval 2014/10/28 v1.15 key=value parser (DPC)
\KV@toks@=\toks14
)
(/usr/share/texlive/texmf-dist/tex/generic/iftex/ifvtex.sty
Package: ifvtex 2019/10/25 v1.7 ifvtex legacy package. Use iftex instead.

(/usr/share/texlive/texmf-dist/tex/generic/iftex/iftex.sty
Package: iftex 2019/11/07 v1.0c TeX engine tests
))
\Gm@cnth=\count175
\Gm@cntv=\count176
\c@Gm@tempcnt=\count177
\Gm@bindingoffset=\dimen135
\Gm@wd@mp=\dimen136
\Gm@odd@mp=\dimen137
\Gm@even@mp=\dimen138
\Gm@layoutwidth=\dimen139
\Gm@layoutheight=\dimen140
\Gm@layouthoffset=\dimen141
\Gm@layoutvoffset=\dimen142
\Gm@dimlist=\toks15
)
(/usr/share/texlive/texmf-dist/tex/latex/base/inputenc.sty
Package: inputenc 2018/08/11 v1.3c Input encoding file
\inpenc@prehook=\toks16
\inpenc@posthook=\toks17
)
(/usr/share/texlive/texmf-dist/tex/generic/babel/babel.sty
Package: babel 2020/02/14 3.40 The Babel package

(/usr/share/texlive/texmf-dist/tex/generic/babel/switch.def
File: switch.def 2020/02/14 3.40 Babel switching mechanism
)
(/usr/share/texlive/texmf-dist/tex/generic/babel-portuges/portuges.ldf
Language: portuges 2008/03/18 v1.2q Portuguese support from the babel system

(/usr/share/texlive/texmf-dist/tex/generic/babel/babel.def
File: babel.def 2020/02/14 3.40 Babel common definitions
\babel@savecnt=\count178
\U@D=\dimen143

(/usr/share/texlive/texmf-dist/tex/generic/babel/txtbabel.def)
\bbl@readstream=\read2
\bbl@dirlevel=\count179
)
Package babel Info: \l@brazilian = using hyphenrules for portuguese
(babel)             (\language3) on input line 113.
Package babel Info: Making " an active character on input line 145.
))
(/usr/share/texlive/texmf-dist/tex/latex/tools/indentfirst.sty
Package: indentfirst 1995/11/23 v1.03 Indent first paragraph (DPC)
)
(/usr/share/texlive/texmf-dist/tex/latex/graphics/graphicx.sty
Package: graphicx 2019/11/30 v1.2a Enhanced LaTeX Graphics (DPC,SPQR)

(/usr/share/texlive/texmf-dist/tex/latex/graphics/graphics.sty
Package: graphics 2019/11/30 v1.4a Standard LaTeX Graphics (DPC,SPQR)

(/usr/share/texlive/texmf-dist/tex/latex/graphics/trig.sty
Package: trig 2016/01/03 v1.10 sin cos tan (DPC)
)
(/usr/share/texlive/texmf-dist/tex/latex/graphics-cfg/graphics.cfg
File: graphics.cfg 2016/06/04 v1.11 sample graphics configuration
)
Package graphics Info: Driver file: pdftex.def on input line 105.

(/usr/share/texlive/texmf-dist/tex/latex/graphics-def/pdftex.def
File: pdftex.def 2018/01/08 v1.0l Graphics/color driver for pdftex
))
\Gin@req@height=\dimen144
\Gin@req@width=\dimen145
)
(/usr/share/texlive/texmf-dist/tex/latex/wrapfig/wrapfig.sty
\wrapoverhang=\dimen146
\WF@size=\dimen147
\c@WF@wrappedlines=\count180
\WF@box=\box45
\WF@everypar=\toks18
Package: wrapfig 2003/01/31  v 3.6
)
(/usr/share/texlive/texmf-dist/tex/latex/hyperref/hyperref.sty
Package: hyperref 2020/01/14 v7.00d Hypertext links for LaTeX

(/usr/share/texlive/texmf-dist/tex/generic/ltxcmds/ltxcmds.sty
Package: ltxcmds 2019/12/15 v1.24 LaTeX kernel commands for general use (HO)
)
(/usr/share/texlive/texmf-dist/tex/latex/pdftexcmds/pdftexcmds.sty
Package: pdftexcmds 2019/11/24 v0.31 Utility functions of pdfTeX for LuaTeX (HO
)

(/usr/share/texlive/texmf-dist/tex/generic/infwarerr/infwarerr.sty
Package: infwarerr 2019/12/03 v1.5 Providing info/warning/error messages (HO)
)
Package pdftexcmds Info: \pdf@primitive is available.
Package pdftexcmds Info: \pdf@ifprimitive is available.
Package pdftexcmds Info: \pdfdraftmode found.
)
(/usr/share/texlive/texmf-dist/tex/generic/kvsetkeys/kvsetkeys.sty
Package: kvsetkeys 2019/12/15 v1.18 Key value parser (HO)
)
(/usr/share/texlive/texmf-dist/tex/generic/kvdefinekeys/kvdefinekeys.sty
Package: kvdefinekeys 2019-12-19 v1.6 Define keys (HO)
)
(/usr/share/texlive/texmf-dist/tex/generic/pdfescape/pdfescape.sty
Package: pdfescape 2019/12/09 v1.15 Implements pdfTeX's escape features (HO)
)
(/usr/share/texlive/texmf-dist/tex/latex/hycolor/hycolor.sty
Package: hycolor 2020-01-27 v1.10 Color options for hyperref/bookmark (HO)
)
(/usr/share/texlive/texmf-dist/tex/latex/letltxmacro/letltxmacro.sty
Package: letltxmacro 2019/12/03 v1.6 Let assignment for LaTeX macros (HO)
)
(/usr/share/texlive/texmf-dist/tex/latex/auxhook/auxhook.sty
Package: auxhook 2019-12-17 v1.6 Hooks for auxiliary files (HO)
)
(/usr/share/texlive/texmf-dist/tex/latex/kvoptions/kvoptions.sty
Package: kvoptions 2019/11/29 v3.13 Key value format for package options (HO)
)
\@linkdim=\dimen148
\Hy@linkcounter=\count181
\Hy@pagecounter=\count182

(/usr/share/texlive/texmf-dist/tex/latex/hyperref/pd1enc.def
File: pd1enc.def 2020/01/14 v7.00d Hyperref: PDFDocEncoding definition (HO)
Now handling font encoding PD1 ...
... no UTF-8 mapping file for font encoding PD1
)
(/usr/share/texlive/texmf-dist/tex/generic/intcalc/intcalc.sty
Package: intcalc 2019/12/15 v1.3 Expandable calculations with integers (HO)
)
(/usr/share/texlive/texmf-dist/tex/generic/etexcmds/etexcmds.sty
Package: etexcmds 2019/12/15 v1.7 Avoid name clashes with e-TeX commands (HO)
)
\Hy@SavedSpaceFactor=\count183
\pdfmajorversion=\count184
Package hyperref Info: Hyper figures OFF on input line 4547.
Package hyperref Info: Link nesting OFF on input line 4552.
Package hyperref Info: Hyper index ON on input line 4555.
Package hyperref Info: Plain pages OFF on input line 4562.
Package hyperref Info: Backreferencing OFF on input line 4567.
Package hyperref Info: Implicit mode ON; LaTeX internals redefined.
Package hyperref Info: Bookmarks ON on input line 4800.
\c@Hy@tempcnt=\count185

(/usr/share/texlive/texmf-dist/tex/latex/url/url.sty
\Urlmuskip=\muskip16
Package: url 2013/09/16  ver 3.4  Verb mode for urls, etc.
)
LaTeX Info: Redefining \url on input line 5159.
\XeTeXLinkMargin=\dimen149

(/usr/share/texlive/texmf-dist/tex/generic/bitset/bitset.sty
Package: bitset 2019/12/09 v1.3 Handle bit-vector datatype (HO)

(/usr/share/texlive/texmf-dist/tex/generic/bigintcalc/bigintcalc.sty
Package: bigintcalc 2019/12/15 v1.5 Expandable calculations on big integers (HO
)
))
\Fld@menulength=\count186
\Field@Width=\dimen150
\Fld@charsize=\dimen151
Package hyperref Info: Hyper figures OFF on input line 6430.
Package hyperref Info: Link nesting OFF on input line 6435.
Package hyperref Info: Hyper index ON on input line 6438.
Package hyperref Info: backreferencing OFF on input line 6445.
Package hyperref Info: Link coloring OFF on input line 6450.
Package hyperref Info: Link coloring with OCG OFF on input line 6455.
Package hyperref Info: PDF/A mode OFF on input line 6460.
LaTeX Info: Redefining \ref on input line 6500.
LaTeX Info: Redefining \pageref on input line 6504.

(/usr/share/texlive/texmf-dist/tex/generic/atbegshi/atbegshi.sty
Package: atbegshi 2019/12/05 v1.19 At begin shipout hook (HO)
)
\Hy@abspage=\count187
\c@Item=\count188
\c@Hfootnote=\count189
)
Package hyperref Info: Driver: hpdftex.

(/usr/share/texlive/texmf-dist/tex/latex/hyperref/hpdftex.def
File: hpdftex.def 2020/01/14 v7.00d Hyperref driver for pdfTeX

(/usr/share/texlive/texmf-dist/tex/latex/atveryend/atveryend.sty
Package: atveryend 2019-12-11 v1.11 Hooks at the very end of document (HO)
Package atveryend Info: \enddocument detected (standard20110627).
)
\Fld@listcount=\count190
\c@bookmark@seq@number=\count191

(/usr/share/texlive/texmf-dist/tex/latex/rerunfilecheck/rerunfilecheck.sty
Package: rerunfilecheck 2019/12/05 v1.9 Rerun checks for auxiliary files (HO)

(/usr/share/texlive/texmf-dist/tex/generic/uniquecounter/uniquecounter.sty
Package: uniquecounter 2019/12/15 v1.4 Provide unlimited unique counter (HO)
)
Package uniquecounter Info: New unique counter `rerunfilecheck' on input line 2
86.
)
\Hy@SectionHShift=\skip49
)
(/usr/share/texlive/texmf-dist/tex/latex/xcolor/xcolor.sty
Package: xcolor 2016/05/11 v2.12 LaTeX color extensions (UK)

(/usr/share/texlive/texmf-dist/tex/latex/graphics-cfg/color.cfg
File: color.cfg 2016/01/02 v1.6 sample color configuration
)
Package xcolor Info: Driver file: pdftex.def on input line 225.
Package xcolor Info: Model `cmy' substituted by `cmy0' on input line 1348.
Package xcolor Info: Model `hsb' substituted by `rgb' on input line 1352.
Package xcolor Info: Model `RGB' extended on input line 1364.
Package xcolor Info: Model `HTML' substituted by `rgb' on input line 1366.
Package xcolor Info: Model `Hsb' substituted by `hsb' on input line 1367.
Package xcolor Info: Model `tHsb' substituted by `hsb' on input line 1368.
Package xcolor Info: Model `HSB' substituted by `hsb' on input line 1369.
Package xcolor Info: Model `Gray' substituted by `gray' on input line 1370.
Package xcolor Info: Model `wave' substituted by `hsb' on input line 1371.
)
(/usr/share/texlive/texmf-dist/tex/latex/l3backend/l3backend-pdfmode.def
File: l3backend-pdfmode.def 2020-02-03 L3 backend support: PDF mode
\l__kernel_color_stack_int=\count192
\l__pdf_internal_box=\box46
)
(./Termo_I.aux)
\openout1 = `Termo_I.aux'.

LaTeX Font Info:    Checking defaults for OML/cmm/m/it on input line 17.
LaTeX Font Info:    ... okay on input line 17.
LaTeX Font Info:    Checking defaults for OMS/cmsy/m/n on input line 17.
LaTeX Font Info:    ... okay on input line 17.
LaTeX Font Info:    Checking defaults for OT1/cmr/m/n on input line 17.
LaTeX Font Info:    ... okay on input line 17.
LaTeX Font Info:    Checking defaults for T1/cmr/m/n on input line 17.
LaTeX Font Info:    ... okay on input line 17.
LaTeX Font Info:    Checking defaults for TS1/cmr/m/n on input line 17.
LaTeX Font Info:    ... okay on input line 17.
LaTeX Font Info:    Checking defaults for OMX/cmex/m/n on input line 17.
LaTeX Font Info:    ... okay on input line 17.
LaTeX Font Info:    Checking defaults for U/cmr/m/n on input line 17.
LaTeX Font Info:    ... okay on input line 17.
LaTeX Font Info:    Checking defaults for PD1/pdf/m/n on input line 17.
LaTeX Font Info:    ... okay on input line 17.

*geometry* driver: auto-detecting
*geometry* detected driver: pdftex
*geometry* verbose mode - [ preamble ] result:
* driver: pdftex
* paper: a4paper
* layout: <same size as paper>
* layoutoffset:(h,v)=(0.0pt,0.0pt)
* modes: 
* h-part:(L,W,R)=(71.13188pt, 455.24411pt, 71.13188pt)
* v-part:(T,H,B)=(56.9055pt, 731.23584pt, 56.9055pt)
* \paperwidth=597.50787pt
* \paperheight=845.04684pt
* \textwidth=455.24411pt
* \textheight=731.23584pt
* \oddsidemargin=-1.1381pt
* \evensidemargin=-1.1381pt
* \topmargin=-52.36449pt
* \headheight=12.0pt
* \headsep=25.0pt
* \topskip=12.0pt
* \footskip=30.0pt
* \marginparwidth=35.0pt
* \marginparsep=10.0pt
* \columnsep=10.0pt
* \skip\footins=10.8pt plus 4.0pt minus 2.0pt
* \hoffset=0.0pt
* \voffset=0.0pt
* \mag=1000
* \@twocolumnfalse
* \@twosidefalse
* \@mparswitchfalse
* \@reversemarginfalse
* (1in=72.27pt=25.4mm, 1cm=28.453pt)

(/usr/share/texlive/texmf-dist/tex/context/base/mkii/supp-pdf.mkii
[Loading MPS to PDF converter (version 2006.09.02).]
\scratchcounter=\count193
\scratchdimen=\dimen152
\scratchbox=\box47
\nofMPsegments=\count194
\nofMParguments=\count195
\everyMPshowfont=\toks19
\MPscratchCnt=\count196
\MPscratchDim=\dimen153
\MPnumerator=\count197
\makeMPintoPDFobject=\count198
\everyMPtoPDFconversion=\toks20
) (/usr/share/texlive/texmf-dist/tex/latex/epstopdf-pkg/epstopdf-base.sty
Package: epstopdf-base 2020-01-24 v2.11 Base part for package epstopdf
Package epstopdf-base Info: Redefining graphics rule for `.eps' on input line 4
85.

(/usr/share/texlive/texmf-dist/tex/latex/latexconfig/epstopdf-sys.cfg
File: epstopdf-sys.cfg 2010/07/13 v1.3 Configuration of (r)epstopdf for TeX Liv
e
))
\AtBeginShipoutBox=\box48
Package hyperref Info: Link coloring OFF on input line 17.

(/usr/share/texlive/texmf-dist/tex/latex/hyperref/nameref.sty
Package: nameref 2019/09/16 v2.46 Cross-referencing by name of section

(/usr/share/texlive/texmf-dist/tex/latex/refcount/refcount.sty
Package: refcount 2019/12/15 v3.6 Data extraction from label references (HO)
)
(/usr/share/texlive/texmf-dist/tex/generic/gettitlestring/gettitlestring.sty
Package: gettitlestring 2019/12/15 v1.6 Cleanup title references (HO)
)
\c@section@level=\count199
)
LaTeX Info: Redefining \ref on input line 17.
LaTeX Info: Redefining \pageref on input line 17.
LaTeX Info: Redefining \nameref on input line 17.

(./Termo_I.out) (./Termo_I.out)
\@outlinefile=\write3
\openout3 = `Termo_I.out'.


Underfull \hbox (badness 10000) in paragraph at lines 25--27

 []

[1

{/var/lib/texmf/fonts/map/pdftex/updmap/pdftex.map}] (./Termo_I.toc
LaTeX Font Info:    External font `cmex10' loaded for size
(Font)              <12> on input line 4.
LaTeX Font Info:    External font `cmex10' loaded for size
(Font)              <8> on input line 4.
LaTeX Font Info:    External font `cmex10' loaded for size
(Font)              <6> on input line 4.
)
\tf@toc=\write4
\openout4 = `Termo_I.toc'.

pdfTeX warning (ext4): destination with the same identifier (name{page.1}) has 
been already used, duplicate ignored
<to be read again> 
                   \relax 
l.34 \newpage
              [1] [2]
<imagens/sf.png, id=169, 508.14844pt x 212.29312pt>
File: imagens/sf.png Graphic file (type png)
<use imagens/sf.png>
Package pdftex.def Info: imagens/sf.png  used on input line 66.
(pdftex.def)             Requested size: 284.52756pt x 118.87361pt.
<imagens/vc.png, id=170, 578.16pt x 270.25969pt>
File: imagens/vc.png Graphic file (type png)
<use imagens/vc.png>
Package pdftex.def Info: imagens/vc.png  used on input line 73.
(pdftex.def)             Requested size: 284.52756pt x 133.0016pt.

Overfull \hbox (15.15236pt too wide) in paragraph at lines 100--101
[]\OT1/cmr/m/n/12 Processos \OT1/cmr/m/it/12 qua-sest^^Saticos \OT1/cmr/m/n/12 
po-dem ser con-si-de-ra-dos como su-cess~oes de es-ta-dos de equil^^S^^Pbrio. 
 []

[3 <./imagens/sf.png (PNG copy)> <./imagens/vc.png (PNG copy)>]
<imagens/pa.png, id=181, 444.91219pt x 347.79938pt>
File: imagens/pa.png Graphic file (type png)
<use imagens/pa.png>
Package pdftex.def Info: imagens/pa.png  used on input line 126.
(pdftex.def)             Requested size: 284.52756pt x 222.421pt.
 [4 <./imagens/pa.png (PNG copy)>]
LaTeX Font Info:    External font `cmex10' loaded for size
(Font)              <14.4> on input line 142.
LaTeX Font Info:    External font `cmex10' loaded for size
(Font)              <7> on input line 142.
<imagens/cs.png, id=193, 743.77875pt x 183.68625pt>
File: imagens/cs.png Graphic file (type png)
<use imagens/cs.png>
Package pdftex.def Info: imagens/cs.png  used on input line 154.
(pdftex.def)             Requested size: 426.79134pt x 105.40294pt.

Underfull \hbox (badness 10000) in paragraph at lines 159--160

 []

<imagens/tc.png, id=194, 298.11375pt x 174.6525pt>
File: imagens/tc.png Graphic file (type png)
<use imagens/tc.png>
Package pdftex.def Info: imagens/tc.png  used on input line 166.
(pdftex.def)             Requested size: 284.52756pt x 166.70242pt.
[5 <./imagens/cs.png (PNG copy)> <./imagens/tc.png (PNG copy)>]
<imagens/pp.png, id=209, 694.84593pt x 299.61937pt>
File: imagens/pp.png Graphic file (type png)
<use imagens/pp.png>
Package pdftex.def Info: imagens/pp.png  used on input line 174.
(pdftex.def)             Requested size: 284.52756pt x 122.68472pt.
<imagens/ca.png, id=210, 745.28438pt x 180.675pt>
File: imagens/ca.png Graphic file (type png)
<use imagens/ca.png>
Package pdftex.def Info: imagens/ca.png  used on input line 201.
(pdftex.def)             Requested size: 426.79134pt x 103.46275pt.
 [6 <./imagens/pp.png (PNG copy)> <./imagens/ca.png (PNG copy)>]
<imagens/cp.png, id=220, 295.85532pt x 405.01312pt>
File: imagens/cp.png Graphic file (type png)
<use imagens/cp.png>
Package pdftex.def Info: imagens/cp.png  used on input line 226.
(pdftex.def)             Requested size: 142.26378pt x 194.75633pt.
 [7 <./imagens/cp.png (PNG copy)>]
<imagens/cr.png, id=228, 269.50688pt x 381.67593pt>
File: imagens/cr.png Graphic file (type png)
<use imagens/cr.png>
Package pdftex.def Info: imagens/cr.png  used on input line 246.
(pdftex.def)             Requested size: 142.26378pt x 201.47775pt.
 [8 <./imagens/cr.png (PNG copy)>]
<imagens/pt.png, id=234, 639.89063pt x 362.10281pt>
File: imagens/pt.png Graphic file (type png)
<use imagens/pt.png>
Package pdftex.def Info: imagens/pt.png  used on input line 280.
(pdftex.def)             Requested size: 341.43306pt x 193.21199pt.
<imagens/pv.png, id=235, 748.29562pt x 359.09157pt>
File: imagens/pv.png Graphic file (type png)
<use imagens/pv.png>
Package pdftex.def Info: imagens/pv.png  used on input line 286.
(pdftex.def)             Requested size: 398.33858pt x 191.15594pt.

Underfull \hbox (badness 10000) in paragraph at lines 299--300

 []

[9 <./imagens/pt.png (PNG copy)> <./imagens/pv.png (PNG copy)>]
<imagens/r.png, id=245, 551.81157pt x 234.8775pt>
File: imagens/r.png Graphic file (type png)
<use imagens/r.png>
Package pdftex.def Info: imagens/r.png  used on input line 364.
(pdftex.def)             Requested size: 409.71692pt x 174.40155pt.


LaTeX Warning: `h' float specifier changed to `ht'.

[10]
<imagens/vcc.png, id=251, 685.8122pt x 232.61906pt>
File: imagens/vcc.png Graphic file (type png)
<use imagens/vcc.png>
Package pdftex.def Info: imagens/vcc.png  used on input line 379.
(pdftex.def)             Requested size: 341.43306pt x 115.8123pt.

Underfull \hbox (badness 10000) in paragraph at lines 390--391

 []

[11 <./imagens/r.png> <./imagens/vcc.png (PNG copy)>]
Underfull \hbox (badness 10000) in paragraph at lines 410--413

 []


Underfull \hbox (badness 10000) in paragraph at lines 441--442

 []


Underfull \hbox (badness 10000) in paragraph at lines 447--448

 []

[12]
Underfull \hbox (badness 10000) in paragraph at lines 457--462

 []

<imagens/cc.png, id=270, 300.3722pt x 282.30469pt>
File: imagens/cc.png Graphic file (type png)
<use imagens/cc.png>
Package pdftex.def Info: imagens/cc.png  used on input line 467.
(pdftex.def)             Requested size: 227.62204pt x 213.93779pt.
<imagens/caca.png, id=271, 267.24844pt x 207.77625pt>
File: imagens/caca.png Graphic file (type png)
<use imagens/caca.png>
Package pdftex.def Info: imagens/caca.png  used on input line 480.
(pdftex.def)             Requested size: 227.62204pt x 176.97522pt.
[13 <./imagens/cc.png (PNG copy)> <./imagens/caca.png (PNG copy)>]
<imagens/kp.png, id=278, 228.855pt x 216.05719pt>
File: imagens/kp.png Graphic file (type png)
<use imagens/kp.png>
Package pdftex.def Info: imagens/kp.png  used on input line 494.
(pdftex.def)             Requested size: 170.71652pt x 161.17543pt.

Underfull \hbox (badness 10000) in paragraph at lines 507--509

 []


Underfull \hbox (badness 10000) in paragraph at lines 510--511

 []


Underfull \hbox (badness 10000) in paragraph at lines 512--515

 []


Underfull \hbox (badness 10000) in paragraph at lines 516--521

 []


Underfull \hbox (badness 10000) in paragraph at lines 529--530

 []


Underfull \hbox (badness 10000) in paragraph at lines 531--532

 []

[14 <./imagens/kp.png (PNG copy)>]
<imagens/re.png, id=285, 400.49625pt x 299.61937pt>
File: imagens/re.png Graphic file (type png)
<use imagens/re.png>
Package pdftex.def Info: imagens/re.png  used on input line 545.
(pdftex.def)             Requested size: 284.52756pt x 212.87296pt.

Underfull \hbox (badness 10000) in paragraph at lines 551--552

 []


Underfull \hbox (badness 10000) in paragraph at lines 553--554

 []

<imagens/rr.png, id=286, 454.69875pt x 307.90031pt>
File: imagens/rr.png Graphic file (type png)
<use imagens/rr.png>
Package pdftex.def Info: imagens/rr.png  used on input line 572.
(pdftex.def)             Requested size: 284.52756pt x 192.67212pt.

LaTeX Warning: `h' float specifier changed to `ht'.

[15 <./imagens/re.png (PNG copy)>]
Underfull \hbox (badness 10000) in paragraph at lines 579--581

 []

<imagens/rb.png, id=295, 411.03563pt x 264.23718pt>
File: imagens/rb.png Graphic file (type png)
<use imagens/rb.png>
Package pdftex.def Info: imagens/rb.png  used on input line 605.
(pdftex.def)             Requested size: 284.52756pt x 182.90848pt.

LaTeX Warning: `h' float specifier changed to `ht'.

[16 <./imagens/rr.png (PNG copy)>]
Overfull \hbox (17.31825pt too wide) in paragraph at lines 614--615
[]\OT1/cmr/bx/n/12 Melhor De-sem-pe-nho de um Ci-clo Ope-rando en-tre Dois Re-s
er-vat^^Sorios T^^Sermicos 
 []


Underfull \hbox (badness 10000) in paragraph at lines 637--641

 []

[17 <./imagens/rb.png (PNG copy)>]
Underfull \hbox (badness 10000) in paragraph at lines 655--656

 []

[18]
<imagens/aa.png, id=313, 346.29375pt x 307.1475pt>
File: imagens/aa.png Graphic file (type png)
<use imagens/aa.png>
Package pdftex.def Info: imagens/aa.png  used on input line 733.
(pdftex.def)             Requested size: 227.62204pt x 201.89311pt.
 [19 <./imagens/aa.png (PNG copy)>]
Underfull \hbox (badness 10000) in paragraph at lines 797--798

 []


Underfull \hbox (badness 10000) in paragraph at lines 802--803

 []

<imagens/BB.png, id=319, 253.69781pt x 340.27126pt>
File: imagens/BB.png Graphic file (type png)
<use imagens/BB.png>
Package pdftex.def Info: imagens/BB.png  used on input line 819.
(pdftex.def)             Requested size: 170.71652pt x 228.97743pt.

LaTeX Warning: `h' float specifier changed to `ht'.

[20]
<imagens/ccc.png, id=326, 219.06844pt x 359.84438pt>
File: imagens/ccc.png Graphic file (type png)
<use imagens/ccc.png>
Package pdftex.def Info: imagens/ccc.png  used on input line 848.
(pdftex.def)             Requested size: 227.62204pt x 373.89987pt.


LaTeX Warning: `h' float specifier changed to `ht'.

[21 <./imagens/BB.png (PNG copy)>] [22 <./imagens/ccc.png (PNG copy)>]
Underfull \hbox (badness 10000) in paragraph at lines 905--907

 []

<imagens/hs.png, id=338, 276.28218pt x 265.74281pt>
File: imagens/hs.png Graphic file (type png)
<use imagens/hs.png>
Package pdftex.def Info: imagens/hs.png  used on input line 919.
(pdftex.def)             Requested size: 227.62204pt x 218.9364pt.
<imagens/hss.png, id=339, 322.20375pt x 310.15875pt>
File: imagens/hss.png Graphic file (type png)
<use imagens/hss.png>
Package pdftex.def Info: imagens/hss.png  used on input line 935.
(pdftex.def)             Requested size: 227.62204pt x 219.121pt.

LaTeX Warning: `h' float specifier changed to `ht'.

[23 <./imagens/hs.png (PNG copy)>]
Package atveryend Info: Empty hook `BeforeClearDocument' on input line 958.
 [24 <./imagens/hss.png (PNG copy)>]
Package atveryend Info: Empty hook `AfterLastShipout' on input line 958.

(./Termo_I.aux)
Package atveryend Info: Executing hook `AtVeryEndDocument' on input line 958.
Package atveryend Info: Executing hook `AtEndAfterFileList' on input line 958.
Package rerunfilecheck Info: File `Termo_I.out' has not changed.
(rerunfilecheck)             Checksum: 99315DF3A6DEAFF900CB5DF19FD8D654;2496.
Package atveryend Info: Empty hook `AtVeryVeryEnd' on input line 958.
 ) 
Here is how much of TeX's memory you used:
 7098 strings out of 483163
 105895 string characters out of 5965512
 385201 words of memory out of 5000000
 21874 multiletter control sequences out of 15000+600000
 539227 words of font info for 46 fonts, out of 8000000 for 9000
 16 hyphenation exceptions out of 8191
 34i,8n,37p,382b,430s stack positions out of 5000i,500n,10000p,200000b,80000s
 </home/erik/.texlive2019/texmf-var/fonts/pk/ljfour/jknappen/ec/tcbx1200.600p
k> </home/erik/.texlive2019/texmf-var/fonts/pk/ljfour/jknappen/ec/tcbx1440.600p
k> </home/erik/.texlive2019/texmf-var/fonts/pk/ljfour/jknappen/ec/tcrm1200.600p
k></usr/share/texlive/texmf-dist/fonts/type1/public/amsfonts/cm/cmbx12.pfb></us
r/share/texlive/texmf-dist/fonts/type1/public/amsfonts/cm/cmex10.pfb></usr/shar
e/texlive/texmf-dist/fonts/type1/public/amsfonts/cm/cmmi10.pfb></usr/share/texl
ive/texmf-dist/fonts/type1/public/amsfonts/cm/cmmi12.pfb></usr/share/texlive/te
xmf-dist/fonts/type1/public/amsfonts/cm/cmmi7.pfb></usr/share/texlive/texmf-dis
t/fonts/type1/public/amsfonts/cm/cmmi8.pfb></usr/share/texlive/texmf-dist/fonts
/type1/public/amsfonts/cm/cmr10.pfb></usr/share/texlive/texmf-dist/fonts/type1/
public/amsfonts/cm/cmr12.pfb></usr/share/texlive/texmf-dist/fonts/type1/public/
amsfonts/cm/cmr6.pfb></usr/share/texlive/texmf-dist/fonts/type1/public/amsfonts
/cm/cmr7.pfb></usr/share/texlive/texmf-dist/fonts/type1/public/amsfonts/cm/cmr8
.pfb></usr/share/texlive/texmf-dist/fonts/type1/public/amsfonts/cm/cmsy10.pfb><
/usr/share/texlive/texmf-dist/fonts/type1/public/amsfonts/cm/cmsy7.pfb></usr/sh
are/texlive/texmf-dist/fonts/type1/public/amsfonts/cm/cmsy8.pfb></usr/share/tex
live/texmf-dist/fonts/type1/public/amsfonts/cm/cmti12.pfb>
Output written on Termo_I.pdf (25 pages, 1910420 bytes).
PDF statistics:
 439 PDF objects out of 1000 (max. 8388607)
 364 compressed objects within 4 object streams
 109 named destinations out of 1000 (max. 500000)
 345 words of extra memory for PDF output out of 10000 (max. 10000000)

