\BOOKMARK [1][-]{section.1}{Conceitos Iniciais}{}% 1
\BOOKMARK [2][-]{subsection.1.1}{Velocidade Inst\342ntanea}{section.1}% 2
\BOOKMARK [2][-]{subsection.1.2}{Acelera\347\343o Inst\342ntanea}{section.1}% 3
\BOOKMARK [2][-]{subsection.1.3}{Velocidade Angular}{section.1}% 4
\BOOKMARK [2][-]{subsection.1.4}{Acelera\347\343o Angular}{section.1}% 5
\BOOKMARK [1][-]{section.2}{Movimento Retil\355neo da Part\355cula}{}% 6
\BOOKMARK [1][-]{section.3}{Moviento Curvil\355neo da Part\355cula}{}% 7
\BOOKMARK [2][-]{subsection.3.1}{Coordenadas Cartesianas}{section.3}% 8
\BOOKMARK [2][-]{subsection.3.2}{Coordenadas Normal-Tangencial}{section.3}% 9
\BOOKMARK [2][-]{subsection.3.3}{Coordenadas Polares}{section.3}% 10
\BOOKMARK [1][-]{section.4}{Movimento Circular}{}% 11
\BOOKMARK [1][-]{section.5}{Movimento Curvil\355neo Espacial da Part\355cula}{}% 12
\BOOKMARK [2][-]{subsection.5.1}{Coordenadas Cartesianas}{section.5}% 13
\BOOKMARK [2][-]{subsection.5.2}{Coordenadas Cil\355ndricas}{section.5}% 14
\BOOKMARK [2][-]{subsection.5.3}{Coordenadas Esf\351ricas}{section.5}% 15
\BOOKMARK [1][-]{section.6}{Transforma\347\365es de Coordenadas}{}% 16
\BOOKMARK [1][-]{section.7}{Movimento Relativo}{}% 17
\BOOKMARK [2][-]{subsection.7.1}{Plano - Eixos de Refer\352ncia em Transla\347\343o}{section.7}% 18
\BOOKMARK [2][-]{subsection.7.2}{Plano - Eixos de Refer\352ncia em Rota\347\343o}{section.7}% 19
\BOOKMARK [2][-]{subsection.7.3}{Plano - Eixos de Refer\352ncia em Movimento Geral}{section.7}% 20
