This is pdfTeX, Version 3.14159265-2.6-1.40.20 (TeX Live 2019/Debian) (preloaded format=pdflatex 2021.8.24)  14 NOV 2021 15:45
entering extended mode
 restricted \write18 enabled.
 %&-line parsing enabled.
**Dinâmica.tex
(./Dinâmica.tex
LaTeX2e <2020-02-02> patch level 2
L3 programming layer <2020-02-14>
(/usr/share/texlive/texmf-dist/tex/latex/base/article.cls
Document Class: article 2019/12/20 v1.4l Standard LaTeX document class
(/usr/share/texlive/texmf-dist/tex/latex/base/size12.clo
File: size12.clo 2019/12/20 v1.4l Standard LaTeX file (size option)
)
\c@part=\count167
\c@section=\count168
\c@subsection=\count169
\c@subsubsection=\count170
\c@paragraph=\count171
\c@subparagraph=\count172
\c@figure=\count173
\c@table=\count174
\abovecaptionskip=\skip47
\belowcaptionskip=\skip48
\bibindent=\dimen134
)
(/usr/share/texlive/texmf-dist/tex/latex/geometry/geometry.sty
Package: geometry 2020/01/02 v5.9 Page Geometry

(/usr/share/texlive/texmf-dist/tex/latex/graphics/keyval.sty
Package: keyval 2014/10/28 v1.15 key=value parser (DPC)
\KV@toks@=\toks14
)
(/usr/share/texlive/texmf-dist/tex/generic/iftex/ifvtex.sty
Package: ifvtex 2019/10/25 v1.7 ifvtex legacy package. Use iftex instead.

(/usr/share/texlive/texmf-dist/tex/generic/iftex/iftex.sty
Package: iftex 2019/11/07 v1.0c TeX engine tests
))
\Gm@cnth=\count175
\Gm@cntv=\count176
\c@Gm@tempcnt=\count177
\Gm@bindingoffset=\dimen135
\Gm@wd@mp=\dimen136
\Gm@odd@mp=\dimen137
\Gm@even@mp=\dimen138
\Gm@layoutwidth=\dimen139
\Gm@layoutheight=\dimen140
\Gm@layouthoffset=\dimen141
\Gm@layoutvoffset=\dimen142
\Gm@dimlist=\toks15
)
(/usr/share/texlive/texmf-dist/tex/latex/base/inputenc.sty
Package: inputenc 2018/08/11 v1.3c Input encoding file
\inpenc@prehook=\toks16
\inpenc@posthook=\toks17
)
(/usr/share/texlive/texmf-dist/tex/generic/babel/babel.sty
Package: babel 2020/02/14 3.40 The Babel package

(/usr/share/texlive/texmf-dist/tex/generic/babel/switch.def
File: switch.def 2020/02/14 3.40 Babel switching mechanism
)
(/usr/share/texlive/texmf-dist/tex/generic/babel-portuges/portuges.ldf
Language: portuges 2008/03/18 v1.2q Portuguese support from the babel system

(/usr/share/texlive/texmf-dist/tex/generic/babel/babel.def
File: babel.def 2020/02/14 3.40 Babel common definitions
\babel@savecnt=\count178
\U@D=\dimen143

(/usr/share/texlive/texmf-dist/tex/generic/babel/txtbabel.def)
\bbl@readstream=\read2
\bbl@dirlevel=\count179
)
Package babel Info: \l@brazilian = using hyphenrules for portuguese
(babel)             (\language7) on input line 113.
Package babel Info: Making " an active character on input line 145.
))
(/usr/share/texlive/texmf-dist/tex/latex/amsmath/amsmath.sty
Package: amsmath 2020/01/20 v2.17e AMS math features
\@mathmargin=\skip49

For additional information on amsmath, use the `?' option.
(/usr/share/texlive/texmf-dist/tex/latex/amsmath/amstext.sty
Package: amstext 2000/06/29 v2.01 AMS text

(/usr/share/texlive/texmf-dist/tex/latex/amsmath/amsgen.sty
File: amsgen.sty 1999/11/30 v2.0 generic functions
\@emptytoks=\toks18
\ex@=\dimen144
))
(/usr/share/texlive/texmf-dist/tex/latex/amsmath/amsbsy.sty
Package: amsbsy 1999/11/29 v1.2d Bold Symbols
\pmbraise@=\dimen145
)
(/usr/share/texlive/texmf-dist/tex/latex/amsmath/amsopn.sty
Package: amsopn 2016/03/08 v2.02 operator names
)
\inf@bad=\count180
LaTeX Info: Redefining \frac on input line 227.
\uproot@=\count181
\leftroot@=\count182
LaTeX Info: Redefining \overline on input line 389.
\classnum@=\count183
\DOTSCASE@=\count184
LaTeX Info: Redefining \ldots on input line 486.
LaTeX Info: Redefining \dots on input line 489.
LaTeX Info: Redefining \cdots on input line 610.
\Mathstrutbox@=\box45
\strutbox@=\box46
\big@size=\dimen146
LaTeX Font Info:    Redeclaring font encoding OML on input line 733.
LaTeX Font Info:    Redeclaring font encoding OMS on input line 734.
\macc@depth=\count185
\c@MaxMatrixCols=\count186
\dotsspace@=\muskip16
\c@parentequation=\count187
\dspbrk@lvl=\count188
\tag@help=\toks19
\row@=\count189
\column@=\count190
\maxfields@=\count191
\andhelp@=\toks20
\eqnshift@=\dimen147
\alignsep@=\dimen148
\tagshift@=\dimen149
\tagwidth@=\dimen150
\totwidth@=\dimen151
\lineht@=\dimen152
\@envbody=\toks21
\multlinegap=\skip50
\multlinetaggap=\skip51
\mathdisplay@stack=\toks22
LaTeX Info: Redefining \[ on input line 2859.
LaTeX Info: Redefining \] on input line 2860.
)
(/usr/share/texlive/texmf-dist/tex/latex/tools/indentfirst.sty
Package: indentfirst 1995/11/23 v1.03 Indent first paragraph (DPC)
)
(/usr/share/texlive/texmf-dist/tex/latex/graphics/graphicx.sty
Package: graphicx 2019/11/30 v1.2a Enhanced LaTeX Graphics (DPC,SPQR)

(/usr/share/texlive/texmf-dist/tex/latex/graphics/graphics.sty
Package: graphics 2019/11/30 v1.4a Standard LaTeX Graphics (DPC,SPQR)

(/usr/share/texlive/texmf-dist/tex/latex/graphics/trig.sty
Package: trig 2016/01/03 v1.10 sin cos tan (DPC)
)
(/usr/share/texlive/texmf-dist/tex/latex/graphics-cfg/graphics.cfg
File: graphics.cfg 2016/06/04 v1.11 sample graphics configuration
)
Package graphics Info: Driver file: pdftex.def on input line 105.

(/usr/share/texlive/texmf-dist/tex/latex/graphics-def/pdftex.def
File: pdftex.def 2018/01/08 v1.0l Graphics/color driver for pdftex
))
\Gin@req@height=\dimen153
\Gin@req@width=\dimen154
)
(/usr/share/texlive/texmf-dist/tex/latex/wrapfig/wrapfig.sty
\wrapoverhang=\dimen155
\WF@size=\dimen156
\c@WF@wrappedlines=\count192
\WF@box=\box47
\WF@everypar=\toks23
Package: wrapfig 2003/01/31  v 3.6
)
(/usr/share/texlive/texmf-dist/tex/latex/hyperref/hyperref.sty
Package: hyperref 2020/01/14 v7.00d Hypertext links for LaTeX

(/usr/share/texlive/texmf-dist/tex/generic/ltxcmds/ltxcmds.sty
Package: ltxcmds 2019/12/15 v1.24 LaTeX kernel commands for general use (HO)
)
(/usr/share/texlive/texmf-dist/tex/latex/pdftexcmds/pdftexcmds.sty
Package: pdftexcmds 2019/11/24 v0.31 Utility functions of pdfTeX for LuaTeX (HO
)

(/usr/share/texlive/texmf-dist/tex/generic/infwarerr/infwarerr.sty
Package: infwarerr 2019/12/03 v1.5 Providing info/warning/error messages (HO)
)
Package pdftexcmds Info: \pdf@primitive is available.
Package pdftexcmds Info: \pdf@ifprimitive is available.
Package pdftexcmds Info: \pdfdraftmode found.
)
(/usr/share/texlive/texmf-dist/tex/generic/kvsetkeys/kvsetkeys.sty
Package: kvsetkeys 2019/12/15 v1.18 Key value parser (HO)
)
(/usr/share/texlive/texmf-dist/tex/generic/kvdefinekeys/kvdefinekeys.sty
Package: kvdefinekeys 2019-12-19 v1.6 Define keys (HO)
)
(/usr/share/texlive/texmf-dist/tex/generic/pdfescape/pdfescape.sty
Package: pdfescape 2019/12/09 v1.15 Implements pdfTeX's escape features (HO)
)
(/usr/share/texlive/texmf-dist/tex/latex/hycolor/hycolor.sty
Package: hycolor 2020-01-27 v1.10 Color options for hyperref/bookmark (HO)
)
(/usr/share/texlive/texmf-dist/tex/latex/letltxmacro/letltxmacro.sty
Package: letltxmacro 2019/12/03 v1.6 Let assignment for LaTeX macros (HO)
)
(/usr/share/texlive/texmf-dist/tex/latex/auxhook/auxhook.sty
Package: auxhook 2019-12-17 v1.6 Hooks for auxiliary files (HO)
)
(/usr/share/texlive/texmf-dist/tex/latex/kvoptions/kvoptions.sty
Package: kvoptions 2019/11/29 v3.13 Key value format for package options (HO)
)
\@linkdim=\dimen157
\Hy@linkcounter=\count193
\Hy@pagecounter=\count194

(/usr/share/texlive/texmf-dist/tex/latex/hyperref/pd1enc.def
File: pd1enc.def 2020/01/14 v7.00d Hyperref: PDFDocEncoding definition (HO)
Now handling font encoding PD1 ...
... no UTF-8 mapping file for font encoding PD1
)
(/usr/share/texlive/texmf-dist/tex/generic/intcalc/intcalc.sty
Package: intcalc 2019/12/15 v1.3 Expandable calculations with integers (HO)
)
(/usr/share/texlive/texmf-dist/tex/generic/etexcmds/etexcmds.sty
Package: etexcmds 2019/12/15 v1.7 Avoid name clashes with e-TeX commands (HO)
)
\Hy@SavedSpaceFactor=\count195
\pdfmajorversion=\count196
Package hyperref Info: Hyper figures OFF on input line 4547.
Package hyperref Info: Link nesting OFF on input line 4552.
Package hyperref Info: Hyper index ON on input line 4555.
Package hyperref Info: Plain pages OFF on input line 4562.
Package hyperref Info: Backreferencing OFF on input line 4567.
Package hyperref Info: Implicit mode ON; LaTeX internals redefined.
Package hyperref Info: Bookmarks ON on input line 4800.
\c@Hy@tempcnt=\count197

(/usr/share/texlive/texmf-dist/tex/latex/url/url.sty
\Urlmuskip=\muskip17
Package: url 2013/09/16  ver 3.4  Verb mode for urls, etc.
)
LaTeX Info: Redefining \url on input line 5159.
\XeTeXLinkMargin=\dimen158

(/usr/share/texlive/texmf-dist/tex/generic/bitset/bitset.sty
Package: bitset 2019/12/09 v1.3 Handle bit-vector datatype (HO)

(/usr/share/texlive/texmf-dist/tex/generic/bigintcalc/bigintcalc.sty
Package: bigintcalc 2019/12/15 v1.5 Expandable calculations on big integers (HO
)
))
\Fld@menulength=\count198
\Field@Width=\dimen159
\Fld@charsize=\dimen160
Package hyperref Info: Hyper figures OFF on input line 6430.
Package hyperref Info: Link nesting OFF on input line 6435.
Package hyperref Info: Hyper index ON on input line 6438.
Package hyperref Info: backreferencing OFF on input line 6445.
Package hyperref Info: Link coloring OFF on input line 6450.
Package hyperref Info: Link coloring with OCG OFF on input line 6455.
Package hyperref Info: PDF/A mode OFF on input line 6460.
LaTeX Info: Redefining \ref on input line 6500.
LaTeX Info: Redefining \pageref on input line 6504.

(/usr/share/texlive/texmf-dist/tex/generic/atbegshi/atbegshi.sty
Package: atbegshi 2019/12/05 v1.19 At begin shipout hook (HO)
)
\Hy@abspage=\count199
\c@Item=\count266
\c@Hfootnote=\count267
)
Package hyperref Info: Driver: hpdftex.

(/usr/share/texlive/texmf-dist/tex/latex/hyperref/hpdftex.def
File: hpdftex.def 2020/01/14 v7.00d Hyperref driver for pdfTeX

(/usr/share/texlive/texmf-dist/tex/latex/atveryend/atveryend.sty
Package: atveryend 2019-12-11 v1.11 Hooks at the very end of document (HO)
Package atveryend Info: \enddocument detected (standard20110627).
)
\Fld@listcount=\count268
\c@bookmark@seq@number=\count269

(/usr/share/texlive/texmf-dist/tex/latex/rerunfilecheck/rerunfilecheck.sty
Package: rerunfilecheck 2019/12/05 v1.9 Rerun checks for auxiliary files (HO)

(/usr/share/texlive/texmf-dist/tex/generic/uniquecounter/uniquecounter.sty
Package: uniquecounter 2019/12/15 v1.4 Provide unlimited unique counter (HO)
)
Package uniquecounter Info: New unique counter `rerunfilecheck' on input line 2
86.
)
\Hy@SectionHShift=\skip52
)
(/usr/share/texlive/texmf-dist/tex/latex/l3backend/l3backend-pdfmode.def
File: l3backend-pdfmode.def 2020-02-03 L3 backend support: PDF mode
\l__kernel_color_stack_int=\count270
\l__pdf_internal_box=\box48
)
(./Dinâmica.aux)
\openout1 = `Dinâmica.aux'.

LaTeX Font Info:    Checking defaults for OML/cmm/m/it on input line 12.
LaTeX Font Info:    ... okay on input line 12.
LaTeX Font Info:    Checking defaults for OMS/cmsy/m/n on input line 12.
LaTeX Font Info:    ... okay on input line 12.
LaTeX Font Info:    Checking defaults for OT1/cmr/m/n on input line 12.
LaTeX Font Info:    ... okay on input line 12.
LaTeX Font Info:    Checking defaults for T1/cmr/m/n on input line 12.
LaTeX Font Info:    ... okay on input line 12.
LaTeX Font Info:    Checking defaults for TS1/cmr/m/n on input line 12.
LaTeX Font Info:    ... okay on input line 12.
LaTeX Font Info:    Checking defaults for OMX/cmex/m/n on input line 12.
LaTeX Font Info:    ... okay on input line 12.
LaTeX Font Info:    Checking defaults for U/cmr/m/n on input line 12.
LaTeX Font Info:    ... okay on input line 12.
LaTeX Font Info:    Checking defaults for PD1/pdf/m/n on input line 12.
LaTeX Font Info:    ... okay on input line 12.

*geometry* driver: auto-detecting
*geometry* detected driver: pdftex
*geometry* verbose mode - [ preamble ] result:
* driver: pdftex
* paper: a4paper
* layout: <same size as paper>
* layoutoffset:(h,v)=(0.0pt,0.0pt)
* modes: 
* h-part:(L,W,R)=(71.13188pt, 455.24411pt, 71.13188pt)
* v-part:(T,H,B)=(56.9055pt, 731.23584pt, 56.9055pt)
* \paperwidth=597.50787pt
* \paperheight=845.04684pt
* \textwidth=455.24411pt
* \textheight=731.23584pt
* \oddsidemargin=-1.1381pt
* \evensidemargin=-1.1381pt
* \topmargin=-52.36449pt
* \headheight=12.0pt
* \headsep=25.0pt
* \topskip=12.0pt
* \footskip=30.0pt
* \marginparwidth=35.0pt
* \marginparsep=10.0pt
* \columnsep=10.0pt
* \skip\footins=10.8pt plus 4.0pt minus 2.0pt
* \hoffset=0.0pt
* \voffset=0.0pt
* \mag=1000
* \@twocolumnfalse
* \@twosidefalse
* \@mparswitchfalse
* \@reversemarginfalse
* (1in=72.27pt=25.4mm, 1cm=28.453pt)

(/usr/share/texlive/texmf-dist/tex/context/base/mkii/supp-pdf.mkii
[Loading MPS to PDF converter (version 2006.09.02).]
\scratchcounter=\count271
\scratchdimen=\dimen161
\scratchbox=\box49
\nofMPsegments=\count272
\nofMParguments=\count273
\everyMPshowfont=\toks24
\MPscratchCnt=\count274
\MPscratchDim=\dimen162
\MPnumerator=\count275
\makeMPintoPDFobject=\count276
\everyMPtoPDFconversion=\toks25
) (/usr/share/texlive/texmf-dist/tex/latex/epstopdf-pkg/epstopdf-base.sty
Package: epstopdf-base 2020-01-24 v2.11 Base part for package epstopdf
Package epstopdf-base Info: Redefining graphics rule for `.eps' on input line 4
85.

(/usr/share/texlive/texmf-dist/tex/latex/latexconfig/epstopdf-sys.cfg
File: epstopdf-sys.cfg 2010/07/13 v1.3 Configuration of (r)epstopdf for TeX Liv
e
))
\AtBeginShipoutBox=\box50
Package hyperref Info: Link coloring OFF on input line 12.

(/usr/share/texlive/texmf-dist/tex/latex/hyperref/nameref.sty
Package: nameref 2019/09/16 v2.46 Cross-referencing by name of section

(/usr/share/texlive/texmf-dist/tex/latex/refcount/refcount.sty
Package: refcount 2019/12/15 v3.6 Data extraction from label references (HO)
)
(/usr/share/texlive/texmf-dist/tex/generic/gettitlestring/gettitlestring.sty
Package: gettitlestring 2019/12/15 v1.6 Cleanup title references (HO)
)
\c@section@level=\count277
)
LaTeX Info: Redefining \ref on input line 12.
LaTeX Info: Redefining \pageref on input line 12.
LaTeX Info: Redefining \nameref on input line 12.

(./Dinâmica.out) (./Dinâmica.out)
\@outlinefile=\write3
\openout3 = `Dinâmica.out'.


Underfull \hbox (badness 10000) in paragraph at lines 23--24

 []

[1

{/var/lib/texmf/fonts/map/pdftex/updmap/pdftex.map}] (./Dinâmica.toc)
\tf@toc=\write4
\openout4 = `Dinâmica.toc'.

pdfTeX warning (ext4): destination with the same identifier (name{page.1}) has 
been already used, duplicate ignored
<to be read again> 
                   \relax 
l.33 \newpage
              [1] [2]
<imagens/mr.png, id=211, 390.70969pt x 411.03563pt>
File: imagens/mr.png Graphic file (type png)
<use imagens/mr.png>
Package pdftex.def Info: imagens/mr.png  used on input line 78.
(pdftex.def)             Requested size: 175.81773pt x 184.96432pt.
<imagens/c.png, id=212, 342.5297pt x 262.73157pt>
File: imagens/c.png Graphic file (type png)
<use imagens/c.png>
Package pdftex.def Info: imagens/c.png  used on input line 93.
(pdftex.def)             Requested size: 171.26442pt x 131.36545pt.
 [3 <./imagens/mr.png (PNG copy)>]
<imagens/t.png, id=227, 351.56343pt x 258.21469pt>
File: imagens/t.png Graphic file (type png)
<use imagens/t.png>
Package pdftex.def Info: imagens/t.png  used on input line 104.
(pdftex.def)             Requested size: 175.78128pt x 129.10703pt.
<imagens/pol.png, id=228, 415.5525pt x 293.59688pt>
File: imagens/pol.png Graphic file (type png)
<use imagens/pol.png>
Package pdftex.def Info: imagens/pol.png  used on input line 116.
(pdftex.def)             Requested size: 207.77574pt x 146.79807pt.


LaTeX Warning: `h' float specifier changed to `ht'.

[4 <./imagens/c.png (PNG copy)> <./imagens/t.png (PNG copy)>]
<imagens/cc.png, id=243, 373.395pt x 236.38312pt>
File: imagens/cc.png Graphic file (type png)
<use imagens/cc.png>
Package pdftex.def Info: imagens/cc.png  used on input line 146.
(pdftex.def)             Requested size: 186.69704pt x 118.19127pt.
 [5 <./imagens/pol.png (PNG copy)> <./imagens/cc.png (PNG copy)>]
<imagens/ccc.png, id=251, 727.21687pt x 529.22719pt>
File: imagens/ccc.png Graphic file (type png)
<use imagens/ccc.png>
Package pdftex.def Info: imagens/ccc.png  used on input line 152.
(pdftex.def)             Requested size: 436.33348pt x 317.53876pt.
File: imagens/cc.png Graphic file (type png)
<use imagens/cc.png>
Package pdftex.def Info: imagens/cc.png  used on input line 159.
(pdftex.def)             Requested size: 186.69704pt x 118.19127pt.
 [6 <./imagens/ccc.png (PNG copy)>]
<imagens/e.png, id=261, 327.47343pt x 276.28218pt>
File: imagens/e.png Graphic file (type png)
<use imagens/e.png>
Package pdftex.def Info: imagens/e.png  used on input line 171.
(pdftex.def)             Requested size: 163.73631pt x 138.14075pt.
<imagens/ee.png, id=262, 306.39468pt x 377.91188pt>
File: imagens/ee.png Graphic file (type png)
<use imagens/ee.png>
Package pdftex.def Info: imagens/ee.png  used on input line 180.
(pdftex.def)             Requested size: 153.19696pt x 188.95547pt.
 [7 <./imagens/e.png (PNG copy)> <./imagens/ee.png (PNG copy)>]
<imagens/r.png, id=270, 292.09125pt x 249.18094pt>
File: imagens/r.png Graphic file (type png)
<use imagens/r.png>
Package pdftex.def Info: imagens/r.png  used on input line 190.
(pdftex.def)             Requested size: 146.04526pt x 124.59015pt.
<imagens/rr.png, id=271, 327.47343pt x 205.5178pt>
File: imagens/rr.png Graphic file (type png)
<use imagens/rr.png>
Package pdftex.def Info: imagens/rr.png  used on input line 203.
(pdftex.def)             Requested size: 163.73631pt x 102.75865pt.
 [8 <./imagens/r.png (PNG copy)> <./imagens/rr.png (PNG copy)>]
<imagens/ra.png, id=283, 351.56343pt x 283.0575pt>
File: imagens/ra.png Graphic file (type png)
<use imagens/ra.png>
Package pdftex.def Info: imagens/ra.png  used on input line 216.
(pdftex.def)             Requested size: 175.78128pt x 141.5284pt.
<imagens/a.png, id=284, 458.46281pt x 322.20375pt>
File: imagens/a.png Graphic file (type png)
<use imagens/a.png>
Package pdftex.def Info: imagens/a.png  used on input line 240.
(pdftex.def)             Requested size: 229.23083pt x 161.10147pt.
 [9 <./imagens/ra.png (PNG copy)> <./imagens/a.png (PNG copy)>]
<imagens/a1.png, id=298, 234.8775pt x 257.46187pt>
File: imagens/a1.png Graphic file (type png)
<use imagens/a1.png>
Package pdftex.def Info: imagens/a1.png  used on input line 250.
(pdftex.def)             Requested size: 117.43846pt x 128.7306pt.
 [10 <./imagens/a1.png (PNG copy)>]
<imagens/a2.png, id=310, 315.42844pt x 307.90031pt>
File: imagens/a2.png Graphic file (type png)
<use imagens/a2.png>
Package pdftex.def Info: imagens/a2.png  used on input line 269.
(pdftex.def)             Requested size: 157.71382pt x 153.94977pt.

Underfull \hbox (badness 10000) in paragraph at lines 272--273

 []

[11 <./imagens/a2.png (PNG copy)>]
<imagens/a3.png, id=321, 448.67625pt x 303.38344pt>
File: imagens/a3.png Graphic file (type png)
<use imagens/a3.png>
Package pdftex.def Info: imagens/a3.png  used on input line 300.
(pdftex.def)             Requested size: 224.33757pt x 151.69135pt.
<imagens/a4.png, id=322, 395.97937pt x 307.90031pt>
File: imagens/a4.png Graphic file (type png)
<use imagens/a4.png>
Package pdftex.def Info: imagens/a4.png  used on input line 317.
(pdftex.def)             Requested size: 197.9892pt x 153.94977pt.

Underfull \hbox (badness 10000) in paragraph at lines 322--324

 []

[12 <./imagens/a3.png (PNG copy)> <./imagens/a4.png (PNG copy)>]
Underfull \hbox (badness 10000) in paragraph at lines 334--335

 []

<imagens/a5.png, id=335, 461.47406pt x 356.0803pt>
File: imagens/a5.png Graphic file (type png)
<use imagens/a5.png>
Package pdftex.def Info: imagens/a5.png  used on input line 352.
(pdftex.def)             Requested size: 230.73645pt x 178.03972pt.

Underfull \hbox (badness 10000) in paragraph at lines 377--378

 []


Underfull \hbox (badness 10000) in paragraph at lines 379--380

 []

[13 <./imagens/a5.png (PNG copy)>] [14]
<imagens/a6.png, id=356, 330.48468pt x 308.65312pt>
File: imagens/a6.png Graphic file (type png)
<use imagens/a6.png>
Package pdftex.def Info: imagens/a6.png  used on input line 404.
(pdftex.def)             Requested size: 165.24193pt x 154.32617pt.
 [15 <./imagens/a6.png (PNG copy)>]
<imagens/a7.png, id=377, 349.305pt x 309.40594pt>
File: imagens/a7.png Graphic file (type png)
<use imagens/a7.png>
Package pdftex.def Info: imagens/a7.png  used on input line 446.
(pdftex.def)             Requested size: 174.65207pt x 154.70259pt.

[16 <./imagens/a7.png (PNG copy)>]
Underfull \hbox (badness 10000) in paragraph at lines 483--484

 []

Package atveryend Info: Empty hook `BeforeClearDocument' on input line 782.
[17]
Package atveryend Info: Empty hook `AfterLastShipout' on input line 782.
 (./Dinâmica.aux)
Package atveryend Info: Executing hook `AtVeryEndDocument' on input line 782.
Package atveryend Info: Executing hook `AtEndAfterFileList' on input line 782.
Package rerunfilecheck Info: File `Dinâmica.out' has not changed.
(rerunfilecheck)             Checksum: 36420BAD4EA96BBCC1D0912A45389935;3568.
Package atveryend Info: Empty hook `AtVeryVeryEnd' on input line 782.
 ) 
Here is how much of TeX's memory you used:
 7271 strings out of 481239
 108041 string characters out of 5920377
 392052 words of memory out of 5000000
 22251 multiletter control sequences out of 15000+600000
 539443 words of font info for 48 fonts, out of 8000000 for 9000
 1141 hyphenation exceptions out of 8191
 34i,8n,30p,391b,424s stack positions out of 5000i,500n,10000p,200000b,80000s
{/usr/share/texmf/fonts/enc/dvips/cm-super/cm-super-ts1.enc}</usr/share/texli
ve/texmf-dist/fonts/type1/public/amsfonts/cm/cmbx12.pfb></usr/share/texlive/tex
mf-dist/fonts/type1/public/amsfonts/cm/cmex10.pfb></usr/share/texlive/texmf-dis
t/fonts/type1/public/amsfonts/cm/cmmi12.pfb></usr/share/texlive/texmf-dist/font
s/type1/public/amsfonts/cm/cmmi6.pfb></usr/share/texlive/texmf-dist/fonts/type1
/public/amsfonts/cm/cmmi8.pfb></usr/share/texlive/texmf-dist/fonts/type1/public
/amsfonts/cm/cmr10.pfb></usr/share/texlive/texmf-dist/fonts/type1/public/amsfon
ts/cm/cmr12.pfb></usr/share/texlive/texmf-dist/fonts/type1/public/amsfonts/cm/c
mr17.pfb></usr/share/texlive/texmf-dist/fonts/type1/public/amsfonts/cm/cmr6.pfb
></usr/share/texlive/texmf-dist/fonts/type1/public/amsfonts/cm/cmr8.pfb></usr/s
hare/texlive/texmf-dist/fonts/type1/public/amsfonts/cm/cmsy10.pfb></usr/share/t
exlive/texmf-dist/fonts/type1/public/amsfonts/cm/cmsy6.pfb></usr/share/texlive/
texmf-dist/fonts/type1/public/amsfonts/cm/cmsy8.pfb></usr/share/texlive/texmf-d
ist/fonts/type1/public/amsfonts/cm/cmti12.pfb></usr/share/texmf/fonts/type1/pub
lic/cm-super/sfrm1200.pfb>
Output written on Dinâmica.pdf (18 pages, 1291203 bytes).
PDF statistics:
 480 PDF objects out of 1000 (max. 8388607)
 421 compressed objects within 5 object streams
 142 named destinations out of 1000 (max. 500000)
 392 words of extra memory for PDF output out of 10000 (max. 10000000)

