This is pdfTeX, Version 3.14159265-2.6-1.40.20 (TeX Live 2019/Debian) (preloaded format=pdflatex 2021.3.4)  3 JUN 2021 23:10
entering extended mode
 restricted \write18 enabled.
 %&-line parsing enabled.
**Estatística.tex
(./Estatística.tex
LaTeX2e <2020-02-02> patch level 2
L3 programming layer <2020-02-14>
(/usr/share/texlive/texmf-dist/tex/latex/base/article.cls
Document Class: article 2019/12/20 v1.4l Standard LaTeX document class
(/usr/share/texlive/texmf-dist/tex/latex/base/size12.clo
File: size12.clo 2019/12/20 v1.4l Standard LaTeX file (size option)
)
\c@part=\count167
\c@section=\count168
\c@subsection=\count169
\c@subsubsection=\count170
\c@paragraph=\count171
\c@subparagraph=\count172
\c@figure=\count173
\c@table=\count174
\abovecaptionskip=\skip47
\belowcaptionskip=\skip48
\bibindent=\dimen134
)
(/usr/share/texlive/texmf-dist/tex/latex/geometry/geometry.sty
Package: geometry 2020/01/02 v5.9 Page Geometry

(/usr/share/texlive/texmf-dist/tex/latex/graphics/keyval.sty
Package: keyval 2014/10/28 v1.15 key=value parser (DPC)
\KV@toks@=\toks14
)
(/usr/share/texlive/texmf-dist/tex/generic/iftex/ifvtex.sty
Package: ifvtex 2019/10/25 v1.7 ifvtex legacy package. Use iftex instead.

(/usr/share/texlive/texmf-dist/tex/generic/iftex/iftex.sty
Package: iftex 2019/11/07 v1.0c TeX engine tests
))
\Gm@cnth=\count175
\Gm@cntv=\count176
\c@Gm@tempcnt=\count177
\Gm@bindingoffset=\dimen135
\Gm@wd@mp=\dimen136
\Gm@odd@mp=\dimen137
\Gm@even@mp=\dimen138
\Gm@layoutwidth=\dimen139
\Gm@layoutheight=\dimen140
\Gm@layouthoffset=\dimen141
\Gm@layoutvoffset=\dimen142
\Gm@dimlist=\toks15
)
(/usr/share/texlive/texmf-dist/tex/latex/base/inputenc.sty
Package: inputenc 2018/08/11 v1.3c Input encoding file
\inpenc@prehook=\toks16
\inpenc@posthook=\toks17
)
(/usr/share/texlive/texmf-dist/tex/generic/babel/babel.sty
Package: babel 2020/02/14 3.40 The Babel package

(/usr/share/texlive/texmf-dist/tex/generic/babel/switch.def
File: switch.def 2020/02/14 3.40 Babel switching mechanism
)
(/usr/share/texlive/texmf-dist/tex/generic/babel-portuges/portuges.ldf
Language: portuges 2008/03/18 v1.2q Portuguese support from the babel system

(/usr/share/texlive/texmf-dist/tex/generic/babel/babel.def
File: babel.def 2020/02/14 3.40 Babel common definitions
\babel@savecnt=\count178
\U@D=\dimen143

(/usr/share/texlive/texmf-dist/tex/generic/babel/txtbabel.def)
\bbl@readstream=\read2
\bbl@dirlevel=\count179
)
Package babel Info: \l@brazilian = using hyphenrules for portuguese
(babel)             (\language3) on input line 113.
Package babel Info: Making " an active character on input line 145.
))
(/usr/share/texlive/texmf-dist/tex/latex/tools/indentfirst.sty
Package: indentfirst 1995/11/23 v1.03 Indent first paragraph (DPC)
)
(/usr/share/texlive/texmf-dist/tex/latex/graphics/graphicx.sty
Package: graphicx 2019/11/30 v1.2a Enhanced LaTeX Graphics (DPC,SPQR)

(/usr/share/texlive/texmf-dist/tex/latex/graphics/graphics.sty
Package: graphics 2019/11/30 v1.4a Standard LaTeX Graphics (DPC,SPQR)

(/usr/share/texlive/texmf-dist/tex/latex/graphics/trig.sty
Package: trig 2016/01/03 v1.10 sin cos tan (DPC)
)
(/usr/share/texlive/texmf-dist/tex/latex/graphics-cfg/graphics.cfg
File: graphics.cfg 2016/06/04 v1.11 sample graphics configuration
)
Package graphics Info: Driver file: pdftex.def on input line 105.

(/usr/share/texlive/texmf-dist/tex/latex/graphics-def/pdftex.def
File: pdftex.def 2018/01/08 v1.0l Graphics/color driver for pdftex
))
\Gin@req@height=\dimen144
\Gin@req@width=\dimen145
)
(/usr/share/texlive/texmf-dist/tex/latex/wrapfig/wrapfig.sty
\wrapoverhang=\dimen146
\WF@size=\dimen147
\c@WF@wrappedlines=\count180
\WF@box=\box45
\WF@everypar=\toks18
Package: wrapfig 2003/01/31  v 3.6
)
(/usr/share/texlive/texmf-dist/tex/latex/hyperref/hyperref.sty
Package: hyperref 2020/01/14 v7.00d Hypertext links for LaTeX

(/usr/share/texlive/texmf-dist/tex/generic/ltxcmds/ltxcmds.sty
Package: ltxcmds 2019/12/15 v1.24 LaTeX kernel commands for general use (HO)
)
(/usr/share/texlive/texmf-dist/tex/latex/pdftexcmds/pdftexcmds.sty
Package: pdftexcmds 2019/11/24 v0.31 Utility functions of pdfTeX for LuaTeX (HO
)

(/usr/share/texlive/texmf-dist/tex/generic/infwarerr/infwarerr.sty
Package: infwarerr 2019/12/03 v1.5 Providing info/warning/error messages (HO)
)
Package pdftexcmds Info: \pdf@primitive is available.
Package pdftexcmds Info: \pdf@ifprimitive is available.
Package pdftexcmds Info: \pdfdraftmode found.
)
(/usr/share/texlive/texmf-dist/tex/generic/kvsetkeys/kvsetkeys.sty
Package: kvsetkeys 2019/12/15 v1.18 Key value parser (HO)
)
(/usr/share/texlive/texmf-dist/tex/generic/kvdefinekeys/kvdefinekeys.sty
Package: kvdefinekeys 2019-12-19 v1.6 Define keys (HO)
)
(/usr/share/texlive/texmf-dist/tex/generic/pdfescape/pdfescape.sty
Package: pdfescape 2019/12/09 v1.15 Implements pdfTeX's escape features (HO)
)
(/usr/share/texlive/texmf-dist/tex/latex/hycolor/hycolor.sty
Package: hycolor 2020-01-27 v1.10 Color options for hyperref/bookmark (HO)
)
(/usr/share/texlive/texmf-dist/tex/latex/letltxmacro/letltxmacro.sty
Package: letltxmacro 2019/12/03 v1.6 Let assignment for LaTeX macros (HO)
)
(/usr/share/texlive/texmf-dist/tex/latex/auxhook/auxhook.sty
Package: auxhook 2019-12-17 v1.6 Hooks for auxiliary files (HO)
)
(/usr/share/texlive/texmf-dist/tex/latex/kvoptions/kvoptions.sty
Package: kvoptions 2019/11/29 v3.13 Key value format for package options (HO)
)
\@linkdim=\dimen148
\Hy@linkcounter=\count181
\Hy@pagecounter=\count182

(/usr/share/texlive/texmf-dist/tex/latex/hyperref/pd1enc.def
File: pd1enc.def 2020/01/14 v7.00d Hyperref: PDFDocEncoding definition (HO)
Now handling font encoding PD1 ...
... no UTF-8 mapping file for font encoding PD1
)
(/usr/share/texlive/texmf-dist/tex/generic/intcalc/intcalc.sty
Package: intcalc 2019/12/15 v1.3 Expandable calculations with integers (HO)
)
(/usr/share/texlive/texmf-dist/tex/generic/etexcmds/etexcmds.sty
Package: etexcmds 2019/12/15 v1.7 Avoid name clashes with e-TeX commands (HO)
)
\Hy@SavedSpaceFactor=\count183
\pdfmajorversion=\count184
Package hyperref Info: Hyper figures OFF on input line 4547.
Package hyperref Info: Link nesting OFF on input line 4552.
Package hyperref Info: Hyper index ON on input line 4555.
Package hyperref Info: Plain pages OFF on input line 4562.
Package hyperref Info: Backreferencing OFF on input line 4567.
Package hyperref Info: Implicit mode ON; LaTeX internals redefined.
Package hyperref Info: Bookmarks ON on input line 4800.
\c@Hy@tempcnt=\count185

(/usr/share/texlive/texmf-dist/tex/latex/url/url.sty
\Urlmuskip=\muskip16
Package: url 2013/09/16  ver 3.4  Verb mode for urls, etc.
)
LaTeX Info: Redefining \url on input line 5159.
\XeTeXLinkMargin=\dimen149

(/usr/share/texlive/texmf-dist/tex/generic/bitset/bitset.sty
Package: bitset 2019/12/09 v1.3 Handle bit-vector datatype (HO)

(/usr/share/texlive/texmf-dist/tex/generic/bigintcalc/bigintcalc.sty
Package: bigintcalc 2019/12/15 v1.5 Expandable calculations on big integers (HO
)
))
\Fld@menulength=\count186
\Field@Width=\dimen150
\Fld@charsize=\dimen151
Package hyperref Info: Hyper figures OFF on input line 6430.
Package hyperref Info: Link nesting OFF on input line 6435.
Package hyperref Info: Hyper index ON on input line 6438.
Package hyperref Info: backreferencing OFF on input line 6445.
Package hyperref Info: Link coloring OFF on input line 6450.
Package hyperref Info: Link coloring with OCG OFF on input line 6455.
Package hyperref Info: PDF/A mode OFF on input line 6460.
LaTeX Info: Redefining \ref on input line 6500.
LaTeX Info: Redefining \pageref on input line 6504.

(/usr/share/texlive/texmf-dist/tex/generic/atbegshi/atbegshi.sty
Package: atbegshi 2019/12/05 v1.19 At begin shipout hook (HO)
)
\Hy@abspage=\count187
\c@Item=\count188
\c@Hfootnote=\count189
)
Package hyperref Info: Driver: hpdftex.

(/usr/share/texlive/texmf-dist/tex/latex/hyperref/hpdftex.def
File: hpdftex.def 2020/01/14 v7.00d Hyperref driver for pdfTeX

(/usr/share/texlive/texmf-dist/tex/latex/atveryend/atveryend.sty
Package: atveryend 2019-12-11 v1.11 Hooks at the very end of document (HO)
Package atveryend Info: \enddocument detected (standard20110627).
)
\Fld@listcount=\count190
\c@bookmark@seq@number=\count191

(/usr/share/texlive/texmf-dist/tex/latex/rerunfilecheck/rerunfilecheck.sty
Package: rerunfilecheck 2019/12/05 v1.9 Rerun checks for auxiliary files (HO)

(/usr/share/texlive/texmf-dist/tex/generic/uniquecounter/uniquecounter.sty
Package: uniquecounter 2019/12/15 v1.4 Provide unlimited unique counter (HO)
)
Package uniquecounter Info: New unique counter `rerunfilecheck' on input line 2
86.
)
\Hy@SectionHShift=\skip49
)
(/usr/share/texlive/texmf-dist/tex/latex/l3backend/l3backend-pdfmode.def
File: l3backend-pdfmode.def 2020-02-03 L3 backend support: PDF mode
\l__kernel_color_stack_int=\count192
\l__pdf_internal_box=\box46
)
(./Estatística.aux)
\openout1 = `Estatística.aux'.

LaTeX Font Info:    Checking defaults for OML/cmm/m/it on input line 11.
LaTeX Font Info:    ... okay on input line 11.
LaTeX Font Info:    Checking defaults for OMS/cmsy/m/n on input line 11.
LaTeX Font Info:    ... okay on input line 11.
LaTeX Font Info:    Checking defaults for OT1/cmr/m/n on input line 11.
LaTeX Font Info:    ... okay on input line 11.
LaTeX Font Info:    Checking defaults for T1/cmr/m/n on input line 11.
LaTeX Font Info:    ... okay on input line 11.
LaTeX Font Info:    Checking defaults for TS1/cmr/m/n on input line 11.
LaTeX Font Info:    ... okay on input line 11.
LaTeX Font Info:    Checking defaults for OMX/cmex/m/n on input line 11.
LaTeX Font Info:    ... okay on input line 11.
LaTeX Font Info:    Checking defaults for U/cmr/m/n on input line 11.
LaTeX Font Info:    ... okay on input line 11.
LaTeX Font Info:    Checking defaults for PD1/pdf/m/n on input line 11.
LaTeX Font Info:    ... okay on input line 11.

*geometry* driver: auto-detecting
*geometry* detected driver: pdftex
*geometry* verbose mode - [ preamble ] result:
* driver: pdftex
* paper: a4paper
* layout: <same size as paper>
* layoutoffset:(h,v)=(0.0pt,0.0pt)
* modes: 
* h-part:(L,W,R)=(71.13188pt, 455.24411pt, 71.13188pt)
* v-part:(T,H,B)=(56.9055pt, 731.23584pt, 56.9055pt)
* \paperwidth=597.50787pt
* \paperheight=845.04684pt
* \textwidth=455.24411pt
* \textheight=731.23584pt
* \oddsidemargin=-1.1381pt
* \evensidemargin=-1.1381pt
* \topmargin=-52.36449pt
* \headheight=12.0pt
* \headsep=25.0pt
* \topskip=12.0pt
* \footskip=30.0pt
* \marginparwidth=35.0pt
* \marginparsep=10.0pt
* \columnsep=10.0pt
* \skip\footins=10.8pt plus 4.0pt minus 2.0pt
* \hoffset=0.0pt
* \voffset=0.0pt
* \mag=1000
* \@twocolumnfalse
* \@twosidefalse
* \@mparswitchfalse
* \@reversemarginfalse
* (1in=72.27pt=25.4mm, 1cm=28.453pt)

(/usr/share/texlive/texmf-dist/tex/context/base/mkii/supp-pdf.mkii
[Loading MPS to PDF converter (version 2006.09.02).]
\scratchcounter=\count193
\scratchdimen=\dimen152
\scratchbox=\box47
\nofMPsegments=\count194
\nofMParguments=\count195
\everyMPshowfont=\toks19
\MPscratchCnt=\count196
\MPscratchDim=\dimen153
\MPnumerator=\count197
\makeMPintoPDFobject=\count198
\everyMPtoPDFconversion=\toks20
) (/usr/share/texlive/texmf-dist/tex/latex/epstopdf-pkg/epstopdf-base.sty
Package: epstopdf-base 2020-01-24 v2.11 Base part for package epstopdf
Package epstopdf-base Info: Redefining graphics rule for `.eps' on input line 4
85.

(/usr/share/texlive/texmf-dist/tex/latex/latexconfig/epstopdf-sys.cfg
File: epstopdf-sys.cfg 2010/07/13 v1.3 Configuration of (r)epstopdf for TeX Liv
e
))
\AtBeginShipoutBox=\box48
Package hyperref Info: Link coloring OFF on input line 11.

(/usr/share/texlive/texmf-dist/tex/latex/hyperref/nameref.sty
Package: nameref 2019/09/16 v2.46 Cross-referencing by name of section

(/usr/share/texlive/texmf-dist/tex/latex/refcount/refcount.sty
Package: refcount 2019/12/15 v3.6 Data extraction from label references (HO)
)
(/usr/share/texlive/texmf-dist/tex/generic/gettitlestring/gettitlestring.sty
Package: gettitlestring 2019/12/15 v1.6 Cleanup title references (HO)
)
\c@section@level=\count199
)
LaTeX Info: Redefining \ref on input line 11.
LaTeX Info: Redefining \pageref on input line 11.
LaTeX Info: Redefining \nameref on input line 11.

(./Estatística.out) (./Estatística.out)
\@outlinefile=\write3
\openout3 = `Estatística.out'.


Underfull \hbox (badness 10000) in paragraph at lines 22--23

 []

[1

{/var/lib/texmf/fonts/map/pdftex/updmap/pdftex.map}] (./Estatística.toc
LaTeX Font Info:    External font `cmex10' loaded for size
(Font)              <12> on input line 4.
LaTeX Font Info:    External font `cmex10' loaded for size
(Font)              <8> on input line 4.
LaTeX Font Info:    External font `cmex10' loaded for size
(Font)              <6> on input line 4.
pdfTeX warning (ext4): destination with the same identifier (name{page.1}) has 
been already used, duplicate ignored
<to be read again> 
                   \relax 
l.50 ...ça e Variância}{15}{subsubsection.4.5.2}
                                                  % [1])
\tf@toc=\write4
\openout4 = `Estatística.toc'.

 [2]
LaTeX Font Info:    External font `cmex10' loaded for size
(Font)              <20.74> on input line 61.
LaTeX Font Info:    External font `cmex10' loaded for size
(Font)              <14.4> on input line 61.
<imagens/moda.png, id=295, 609.77812pt x 366.61969pt>
File: imagens/moda.png Graphic file (type png)
<use imagens/moda.png>
Package pdftex.def Info: imagens/moda.png  used on input line 84.
(pdftex.def)             Requested size: 318.66948pt x 191.59993pt.
 [3]
<imagens/quartis.png, id=306, 226.59656pt x 152.82094pt>
File: imagens/quartis.png Graphic file (type png)
<use imagens/quartis.png>
Package pdftex.def Info: imagens/quartis.png  used on input line 122.
(pdftex.def)             Requested size: 227.62206pt x 153.51309pt.
 [4 <./imagens/moda.png>]
<imagens/iq.png, id=319, 292.84406pt x 174.6525pt>
File: imagens/iq.png Graphic file (type png)
<use imagens/iq.png>
Package pdftex.def Info: imagens/iq.png  used on input line 146.
(pdftex.def)             Requested size: 182.09486pt x 108.60588pt.
<imagens/esquema.png, id=320, 522.45187pt x 122.70844pt>
File: imagens/esquema.png Graphic file (type png)
<use imagens/esquema.png>
Package pdftex.def Info: imagens/esquema.png  used on input line 151.
(pdftex.def)             Requested size: 318.66948pt x 74.8464pt.
<imagens/boxplot.png, id=321, 518.6878pt x 191.9672pt>
File: imagens/boxplot.png Graphic file (type png)
<use imagens/boxplot.png>
Package pdftex.def Info: imagens/boxplot.png  used on input line 162.
(pdftex.def)             Requested size: 409.71692pt x 151.64363pt.
 [5 <./imagens/quartis.png> <./imagens/iq.png> <./imagens/esquema.png>]

Package hyperref Warning: Difference (2) between bookmark levels is greater 
(hyperref)                than one, level fixed on input line 191.

<imagens/prob.png, id=331, 235.63031pt x 132.495pt>
File: imagens/prob.png Graphic file (type png)
<use imagens/prob.png>
Package pdftex.def Info: imagens/prob.png  used on input line 197.
(pdftex.def)             Requested size: 227.62206pt x 127.99432pt.
[6 <./imagens/boxplot.png>] [7 <./imagens/prob.png>]
<imagens/vardis.png, id=343, 380.17032pt x 204.01219pt>
File: imagens/vardis.png Graphic file (type png)
<use imagens/vardis.png>
Package pdftex.def Info: imagens/vardis.png  used on input line 272.
(pdftex.def)             Requested size: 227.62206pt x 122.15298pt.
<imagens/vardis3.png, id=344, 532.23843pt x 280.04625pt>
File: imagens/vardis3.png Graphic file (type png)
<use imagens/vardis3.png>
Package pdftex.def Info: imagens/vardis3.png  used on input line 278.
(pdftex.def)             Requested size: 364.19667pt x 191.63394pt.
 [8 <./imagens/vardis.png>]
<imagens/vardis2.png, id=350, 526.21594pt x 274.02374pt>
File: imagens/vardis2.png Graphic file (type png)
<use imagens/vardis2.png>
Package pdftex.def Info: imagens/vardis2.png  used on input line 289.
(pdftex.def)             Requested size: 364.19667pt x 189.66196pt.
[9 <./imagens/vardis3.png> <./imagens/vardis2.png>] [10] [11] [12]
<imagens/vac.png, id=380, 242.40562pt x 212.29312pt>
File: imagens/vac.png Graphic file (type png)
<use imagens/vac.png>
Package pdftex.def Info: imagens/vac.png  used on input line 476.
(pdftex.def)             Requested size: 227.62206pt x 199.35472pt.
LaTeX Font Info:    External font `cmex10' loaded for size
(Font)              <17.28> on input line 485.
<imagens/vac1.png, id=381, 214.55156pt x 174.6525pt>
File: imagens/vac1.png Graphic file (type png)
<use imagens/vac1.png>
Package pdftex.def Info: imagens/vac1.png  used on input line 491.
(pdftex.def)             Requested size: 227.62206pt x 185.29332pt.
 [13 <./imagens/vac.png> <./imagens/vac1.png>]
<imagens/eq.png, id=391, 241.65282pt x 72.27pt>
File: imagens/eq.png Graphic file (type png)
<use imagens/eq.png>
Package pdftex.def Info: imagens/eq.png  used on input line 542.
(pdftex.def)             Requested size: 227.62206pt x 68.07603pt.
<imagens/eq2.png, id=392, 301.8778pt x 92.59593pt>
File: imagens/eq2.png Graphic file (type png)
<use imagens/eq2.png>
Package pdftex.def Info: imagens/eq2.png  used on input line 552.
(pdftex.def)             Requested size: 227.62206pt x 69.81834pt.
 [14 <./imagens/eq.png> <./imagens/eq2.png>]
<imagens/eq4.png, id=402, 245.41687pt x 53.44969pt>
File: imagens/eq4.png Graphic file (type png)
<use imagens/eq4.png>
Package pdftex.def Info: imagens/eq4.png  used on input line 573.
(pdftex.def)             Requested size: 227.62206pt x 49.57555pt.
<imagens/eq5.png, id=403, 362.85562pt x 64.74188pt>
File: imagens/eq5.png Graphic file (type png)
<use imagens/eq5.png>
Package pdftex.def Info: imagens/eq5.png  used on input line 582.
(pdftex.def)             Requested size: 227.62206pt x 40.61372pt.

Underfull \hbox (badness 10000) in paragraph at lines 620--621

 []

[15 <./imagens/eq4.png> <./imagens/eq5.png>]
<imagens/tabelaNormal.png, id=412, 371.13657pt x 411.03563pt>
File: imagens/tabelaNormal.png Graphic file (type png)
<use imagens/tabelaNormal.png>
Package pdftex.def Info: imagens/tabelaNormal.png  used on input line 653.
(pdftex.def)             Requested size: 409.71692pt x 453.77127pt.
 [16 <./imagens/tabelaNormal.png>]
Underfull \hbox (badness 10000) in paragraph at lines 691--692

 []

<imagens/teo1.png, id=419, 389.95688pt x 150.5625pt>
File: imagens/teo1.png Graphic file (type png)
<use imagens/teo1.png>
Package pdftex.def Info: imagens/teo1.png  used on input line 697.
(pdftex.def)             Requested size: 318.66948pt x 123.0439pt.
[17 <./imagens/teo1.png>]
<imagens/teo.png, id=427, 402.00188pt x 263.48438pt>
File: imagens/teo.png Graphic file (type png)
<use imagens/teo.png>
Package pdftex.def Info: imagens/teo.png  used on input line 704.
(pdftex.def)             Requested size: 318.66948pt x 208.866pt.
Package atveryend Info: Empty hook `BeforeClearDocument' on input line 721.
 [18 <./imagens/teo.png>]
Package atveryend Info: Empty hook `AfterLastShipout' on input line 721.
 (./Estatística.aux)
Package atveryend Info: Executing hook `AtVeryEndDocument' on input line 721.
Package atveryend Info: Executing hook `AtEndAfterFileList' on input line 721.
Package rerunfilecheck Info: File `Estatística.out' has not changed.
(rerunfilecheck)             Checksum: C2059C7DC68A7B1D491A0EDC0B18C744;4237.
Package atveryend Info: Empty hook `AtVeryVeryEnd' on input line 721.
 ) 
Here is how much of TeX's memory you used:
 6668 strings out of 483163
 102060 string characters out of 5965512
 377183 words of memory out of 5000000
 21464 multiletter control sequences out of 15000+600000
 539727 words of font info for 48 fonts, out of 8000000 for 9000
 16 hyphenation exceptions out of 8191
 34i,6n,30p,271b,457s stack positions out of 5000i,500n,10000p,200000b,80000s
 </home/erik/.texlive2019/texmf-var/fonts/pk/ljfour/jknappen/ec/tcrm1200.600p
k></usr/share/texlive/texmf-dist/fonts/type1/public/amsfonts/cm/cmbx12.pfb></us
r/share/texlive/texmf-dist/fonts/type1/public/amsfonts/cm/cmex10.pfb></usr/shar
e/texlive/texmf-dist/fonts/type1/public/amsfonts/cm/cmmi12.pfb></usr/share/texl
ive/texmf-dist/fonts/type1/public/amsfonts/cm/cmmi6.pfb></usr/share/texlive/tex
mf-dist/fonts/type1/public/amsfonts/cm/cmmi8.pfb></usr/share/texlive/texmf-dist
/fonts/type1/public/amsfonts/cm/cmr10.pfb></usr/share/texlive/texmf-dist/fonts/
type1/public/amsfonts/cm/cmr12.pfb></usr/share/texlive/texmf-dist/fonts/type1/p
ublic/amsfonts/cm/cmr17.pfb></usr/share/texlive/texmf-dist/fonts/type1/public/a
msfonts/cm/cmr6.pfb></usr/share/texlive/texmf-dist/fonts/type1/public/amsfonts/
cm/cmr8.pfb></usr/share/texlive/texmf-dist/fonts/type1/public/amsfonts/cm/cmsy1
0.pfb></usr/share/texlive/texmf-dist/fonts/type1/public/amsfonts/cm/cmsy6.pfb><
/usr/share/texlive/texmf-dist/fonts/type1/public/amsfonts/cm/cmsy8.pfb></usr/sh
are/texlive/texmf-dist/fonts/type1/public/amsfonts/cm/cmti12.pfb>
Output written on Estatística.pdf (19 pages, 695110 bytes).
PDF statistics:
 510 PDF objects out of 1000 (max. 8388607)
 432 compressed objects within 5 object streams
 97 named destinations out of 1000 (max. 500000)
 531 words of extra memory for PDF output out of 10000 (max. 10000000)

