\BOOKMARK [1][-]{section.1}{Estat\355stica Descritiva}{}% 1
\BOOKMARK [2][-]{subsection.1.1}{Medidas Resumo\(estat\355sticas sum\341rias\)}{section.1}% 2
\BOOKMARK [3][-]{subsubsection.1.1.1}{M\351dia Aritm\351tica}{subsection.1.1}% 3
\BOOKMARK [3][-]{subsubsection.1.1.2}{Mediana}{subsection.1.1}% 4
\BOOKMARK [3][-]{subsubsection.1.1.3}{Moda}{subsection.1.1}% 5
\BOOKMARK [3][-]{subsubsection.1.1.4}{Desvio}{subsection.1.1}% 6
\BOOKMARK [3][-]{subsubsection.1.1.5}{Coeficiente de Varia\347\343o}{subsection.1.1}% 7
\BOOKMARK [2][-]{subsection.1.2}{Quartis}{section.1}% 8
\BOOKMARK [3][-]{subsubsection.1.2.1}{Intervalo Interquart\355lico}{subsection.1.2}% 9
\BOOKMARK [3][-]{subsubsection.1.2.2}{Esquema dos 5 n\372meros e Boxplot}{subsection.1.2}% 10
\BOOKMARK [2][-]{subsection.1.3}{An\341lise Descritiva Bivariada}{section.1}% 11
\BOOKMARK [3][-]{subsubsection.1.3.1}{Coeficiente de Correla\347\343o}{subsection.1.3}% 12
\BOOKMARK [1][-]{section.2}{Probabilidade}{}% 13
\BOOKMARK [2][-]{subsubsection.2.0.1}{Probabilidade de Uni\343o de Eventos}{section.2}% 14
\BOOKMARK [3][-]{subsubsection.2.0.2}{Evento Complementar}{subsubsection.2.0.1}% 15
\BOOKMARK [2][-]{subsection.2.1}{Regras de Contagem}{section.2}% 16
\BOOKMARK [3][-]{subsubsection.2.1.1}{Regra da adi\347\343o}{subsection.2.1}% 17
\BOOKMARK [2][-]{subsection.2.2}{Regra da multiplica\347\343o}{section.2}% 18
\BOOKMARK [2][-]{subsection.2.3}{Permuta\347\343o}{section.2}% 19
\BOOKMARK [2][-]{subsection.2.4}{Arranjo}{section.2}% 20
\BOOKMARK [2][-]{subsection.2.5}{Combina\347\343o}{section.2}% 21
\BOOKMARK [2][-]{subsection.2.6}{Probabilidade Condicional}{section.2}% 22
\BOOKMARK [2][-]{subsection.2.7}{Independ\352ncia}{section.2}% 23
\BOOKMARK [2][-]{subsection.2.8}{Teorema das Probabilidades Totais}{section.2}% 24
\BOOKMARK [2][-]{subsection.2.9}{Teorema de Bayes}{section.2}% 25
\BOOKMARK [1][-]{section.3}{Vari\341vel Aleat\363ria}{}% 26
\BOOKMARK [2][-]{subsection.3.1}{Distribui\347\343o de probabilidade}{section.3}% 27
\BOOKMARK [2][-]{subsection.3.2}{Fun\347\343o de Distribui\347\343o Acumulada}{section.3}% 28
\BOOKMARK [2][-]{subsection.3.3}{Esperan\347a}{section.3}% 29
\BOOKMARK [2][-]{subsection.3.4}{Vari\342ncia}{section.3}% 30
\BOOKMARK [2][-]{subsection.3.5}{Mediana e Moda}{section.3}% 31
\BOOKMARK [2][-]{subsection.3.6}{Principais Modelos Discretos}{section.3}% 32
\BOOKMARK [3][-]{subsubsection.3.6.1}{Uniforme Discreta}{subsection.3.6}% 33
\BOOKMARK [3][-]{subsubsection.3.6.2}{Bernoulli}{subsection.3.6}% 34
\BOOKMARK [3][-]{subsubsection.3.6.3}{Modelo Binomial}{subsection.3.6}% 35
\BOOKMARK [3][-]{subsubsection.3.6.4}{Distribui\347\343o Geom\351trica}{subsection.3.6}% 36
\BOOKMARK [3][-]{subsubsection.3.6.5}{Hipergeom\351trica}{subsection.3.6}% 37
\BOOKMARK [3][-]{subsubsection.3.6.6}{Distribui\347\343o de Poisson}{subsection.3.6}% 38
\BOOKMARK [1][-]{section.4}{Vari\341veis Aleat\363rias Cont\355nuas}{}% 39
\BOOKMARK [2][-]{subsection.4.1}{Fun\347\343o de Distribui\347\343o Acumulada}{section.4}% 40
\BOOKMARK [2][-]{subsection.4.2}{Esperan\347a}{section.4}% 41
\BOOKMARK [2][-]{subsection.4.3}{Vari\342ncia}{section.4}% 42
\BOOKMARK [2][-]{subsection.4.4}{Distribui\347\343o Uniforme}{section.4}% 43
\BOOKMARK [3][-]{subsubsection.4.4.1}{Distribui\347\343o Acumulada}{subsection.4.4}% 44
\BOOKMARK [3][-]{subsubsection.4.4.2}{Esperan\347a e Vari\342ncia}{subsection.4.4}% 45
\BOOKMARK [2][-]{subsection.4.5}{Distribui\347\343o Exponencial}{section.4}% 46
\BOOKMARK [3][-]{subsubsection.4.5.1}{Distribui\347\343o Acumulada}{subsection.4.5}% 47
\BOOKMARK [3][-]{subsubsection.4.5.2}{Esperan\347a e Vari\342ncia}{subsection.4.5}% 48
\BOOKMARK [2][-]{subsection.4.6}{Distribui\347\343o Normal - Gaussiana}{section.4}% 49
\BOOKMARK [3][-]{subsubsection.4.6.1}{Esperan\347a e Vari\342ncia}{subsection.4.6}% 50
\BOOKMARK [3][-]{subsubsection.4.6.2}{Distribui\347\343o Normal Padr\343o}{subsection.4.6}% 51
\BOOKMARK [3][-]{subsubsection.4.6.3}{Simetria da Distribui\347\343o Normal}{subsection.4.6}% 52
\BOOKMARK [2][-]{subsection.4.7}{Aproxima\347\343o Normal para uma Binomial}{section.4}% 53
\BOOKMARK [1][-]{section.5}{Distribui\347\343o Amostral}{}% 54
\BOOKMARK [2][-]{subsection.5.1}{Teorema do Limite Central}{section.5}% 55
\BOOKMARK [1][-]{section.6}{Intervalo de Confian\347a}{}% 56
\BOOKMARK [2][-]{subsection.6.1}{Intervalo de Confian\347a para p}{section.6}% 57
\BOOKMARK [3][-]{subsubsection.6.1.1}{Como encontrar z/2?}{subsection.6.1}% 58
\BOOKMARK [3][-]{subsubsection.6.1.2}{Interpreta\347\343o do Intervalo de Confian\347a}{subsection.6.1}% 59
\BOOKMARK [3][-]{subsubsection.6.1.3}{Tamanho da Amostra para Estimar p}{subsection.6.1}% 60
\BOOKMARK [2][-]{subsection.6.2}{Intervalo de Confian\347a para a m\351dia populacional }{section.6}% 61
\BOOKMARK [3][-]{subsubsection.6.2.1}{Interpreta\347\343o do Intervalo de Confian\347a para \040}{subsection.6.2}% 62
\BOOKMARK [3][-]{subsubsection.6.2.2}{Tamanho da Amostra}{subsection.6.2}% 63
\BOOKMARK [3][-]{subsubsection.6.2.3}{Interpreta\347\343o do Intervalo de Confian\347a para \040: \040 desconhecido }{subsection.6.2}% 64
\BOOKMARK [1][-]{section.7}{Teste de Hip\363teses}{}% 65
\BOOKMARK [2][-]{subsubsection.7.0.1}{Valor-de-p}{section.7}% 66
\BOOKMARK [3][-]{subsubsection.7.0.2}{Estat\355stica do Teste}{subsubsection.7.0.1}% 67
\BOOKMARK [2][-]{subsection.7.1}{Teste de Hip\363teses para a m\351dia \040conhecido}{section.7}% 68
\BOOKMARK [3][-]{subsubsection.7.1.1}{Regi\343o Cr\355tica}{subsection.7.1}% 69
\BOOKMARK [2][-]{subsection.7.2}{Teste de Hip\363teses para m\351dia\( desconhecido\)}{section.7}% 70
\BOOKMARK [1][-]{section.8}{Infer\352ncia para duas popula\347\365es }{}% 71
\BOOKMARK [2][-]{subsection.8.1}{Intervalo de Confian\347a para Duas M\351dias}{section.8}% 72
\BOOKMARK [2][-]{subsection.8.2}{Intervalo de Confian\347a para Duas Propor\347\365es}{section.8}% 73
\BOOKMARK [2][-]{subsection.8.3}{Teste de Hip\363teses para duas m\351dias}{section.8}% 74
\BOOKMARK [2][-]{subsection.8.4}{Teste de Hip\363teses para Duas Propor\347\365es}{section.8}% 75
