\BOOKMARK [1][-]{section.1}{Fundi\347\343o}{}% 1
\BOOKMARK [2][-]{subsection.1.1}{O que \351 fundi\347\343o?}{section.1}% 2
\BOOKMARK [2][-]{subsection.1.2}{Por que o processo de fundi\347\343o \351 mais vantajoso quando comparado com outros processos de fabrica\347\343o?}{section.1}% 3
\BOOKMARK [2][-]{subsection.1.3}{Por que a fluidez de uma liga met\341lica \351 uma propriedade importante para o processo de fundi\347\343o?}{section.1}% 4
\BOOKMARK [2][-]{subsection.1.4}{Entre o ferro fundido e o a\347o, qual material \351 mais apropriado para o processo de fundi\347\343o? Por qu\352?}{section.1}% 5
\BOOKMARK [2][-]{subsection.1.5}{Como se chamam os dutos que conduzem o metal l\355quido para o interior do molde?}{section.1}% 6
\BOOKMARK [2][-]{subsection.1.6}{Qual o nome do reservat\363rio que serve para suprir a pe\347a com metal \340 medida que este se resfria e contrai?}{section.1}% 7
\BOOKMARK [2][-]{subsection.1.7}{Ao lado s\343o apresentados os desenhos de uma pe\347a fundida \(fundi\347\343o convencional\) e da mesma pe\347a j\341 acabada.}{section.1}% 8
\BOOKMARK [3][-]{subsubsection.1.7.1}{Justifique por que a pe\347a fundida teve que ser modificada e qual a finalidade de cada modifica\347\343o feita.}{subsection.1.7}% 9
\BOOKMARK [3][-]{subsubsection.1.7.2}{Durante a usinagem observou-se a presen\347a de vazios. Como s\343o chamados estes defeitos? Qual a sua causa?}{subsection.1.7}% 10
\BOOKMARK [3][-]{subsubsection.1.7.3}{A ferramenta de corte esta desgastando muito rapidamente. Qual o defeito de fundi\347\343o que estaria causando esse problema?}{subsection.1.7}% 11
\BOOKMARK [2][-]{subsection.1.8}{Quais as principais diferen\347as entre os processos de fundi\347\343o em moldes colaps\341veis e processos de fundi\347\343o em moldes permanentes?}{section.1}% 12
\BOOKMARK [2][-]{subsection.1.9}{Qual a resist\352ncia que um molde de areia necessita ter?}{section.1}% 13
\BOOKMARK [2][-]{subsection.1.10}{Por que tanto o molde quanto o modelo s\343o destru\355dos no processo de fundi\347\343o de precis\343o?}{section.1}% 14
\BOOKMARK [2][-]{subsection.1.11}{Como os modelos e os moldes s\343o produzidos no processo de fundi\347\343o de precis\343o?}{section.1}% 15
\BOOKMARK [2][-]{subsection.1.12}{Qual o outro nome dado ao processo de fundi\347\343o de precis\343o?}{section.1}% 16
\BOOKMARK [2][-]{subsection.1.13}{Qual o princ\355pio da fundi\347\343o sob press\343o?}{section.1}% 17
\BOOKMARK [2][-]{subsection.1.14}{Quais tipos de m\341quinas s\343o usados na fundi\347\343o sob press\343o?}{section.1}% 18
\BOOKMARK [2][-]{subsection.1.15}{Cite duas vantagens e duas desvantagens do processo de fundi\347\343o sob press\343o.}{section.1}% 19
\BOOKMARK [2][-]{subsection.1.16}{Por que se diz que o processo \215Shell Molding\216 \(Moldagem em casa\) adapta-se bem \340 automa\347\343o?}{section.1}% 20
\BOOKMARK [2][-]{subsection.1.17}{Qual a import\342ncia do processo de inje\347\343o de pl\341stico no processo de fundi\347\343o de precis\343o?}{section.1}% 21
\BOOKMARK [1][-]{section.2}{Soldagem}{}% 22
\BOOKMARK [2][-]{subsection.2.1}{O que se entende por soldagem?}{section.2}% 23
\BOOKMARK [2][-]{subsection.2.2}{Cite duas vantagens da soldagem}{section.2}% 24
\BOOKMARK [2][-]{subsection.2.3}{Em rela\347\343o \340 tens\343o de soldagem nos processos de soldagem a arco, quais os significados de: tens\343o em vazio, tens\343o de curto-circuito, tens\343o de soldagem}{section.2}% 25
\BOOKMARK [2][-]{subsection.2.4}{Quais s\343o as vantagens do processo de soldagem com eletrodo revestido?}{section.2}% 26
\BOOKMARK [2][-]{subsection.2.5}{Como ocorre a abertura do arco no processo de soldagem com eletrodo revestido?}{section.2}% 27
\BOOKMARK [2][-]{subsection.2.6}{Quais as vantagens da corrente alternada e da corrente cont\355nua no processo de soldagem com eletrodo revestido?}{section.2}% 28
\BOOKMARK [2][-]{subsection.2.7}{Como a corrente de soldagem influ\352ncia a taxa de deposi\347\343o, a largura e a profundidade do cord\343o de solda, no processo de soldagem com eletrodo revestido?}{section.2}% 29
\BOOKMARK [2][-]{subsection.2.8}{De que \351 composto o revestimento do eletrodo?}{section.2}% 30
\BOOKMARK [2][-]{subsection.2.9}{Quais s\343o as fun\347\365es do revestimento do eletrodo? Dentre as v\341rias fun\347\365es, qual seria a mais importante?}{section.2}% 31
