\BOOKMARK [1][-]{section.1}{Cap\355tulo 1 - Conceitos Introdut\363rios e Defini\347\365es}{}% 1
\BOOKMARK [2][-]{subsection.1.1}{A Linguagem da Termodin\342mica}{section.1}% 2
\BOOKMARK [2][-]{subsection.1.2}{Propriedades PVT}{section.1}% 3
\BOOKMARK [1][-]{section.2}{Cap\355tulo 2 - Energia e Primeira Lei da Termodin\342mica}{}% 4
\BOOKMARK [2][-]{subsection.2.1}{Trabalho e Energia em Sistemas Mec\342nicos}{section.2}% 5
\BOOKMARK [2][-]{subsection.2.2}{Energia Interna, Calor e Conserva\347\343o de Energia em Sistemas Fechados}{section.2}% 6
\BOOKMARK [2][-]{subsection.2.3}{Aplica\347\365es da 1\252 Lei da Termodin\342mica}{section.2}% 7
\BOOKMARK [1][-]{section.3}{Cap\355tulo 3 - Propriedades Termodin\342micas}{}% 8
\BOOKMARK [2][-]{subsection.3.1}{Diagramas de Estado e Tabelas de Propriedades}{section.3}% 9
\BOOKMARK [2][-]{subsection.3.2}{Modelos para Descri\347\343o de Propriedades}{section.3}% 10
\BOOKMARK [1][-]{section.4}{Cap\355tulo 4 - An\341lise de Volume de Controle}{}% 11
\BOOKMARK [2][-]{subsection.4.1}{Conserva\347\343o de Massa em Volume de Controle}{section.4}% 12
\BOOKMARK [2][-]{subsection.4.2}{Conserva\347\343o de Energia em Volume de Controle}{section.4}% 13
\BOOKMARK [2][-]{subsection.4.3}{Aplica\347\365es das Leis de Conserva\347\343o da Massa e da Energia em Regime Permanente}{section.4}% 14
\BOOKMARK [2][-]{subsection.4.4}{Aplica\347\365es da Conserva\347\343o da Massa e Energia em Regime Transiente}{section.4}% 15
\BOOKMARK [1][-]{section.5}{Cap\355tulo 5 - Segunda Lei da Termodin\342mica}{}% 16
\BOOKMARK [2][-]{subsection.5.1}{Segunda Lei da Termodin\342mica}{section.5}% 17
\BOOKMARK [2][-]{subsection.5.2}{A Melhor M\341quina T\351rmica}{section.5}% 18
\BOOKMARK [2][-]{subsection.5.3}{Ciclo de Carnot}{section.5}% 19
\BOOKMARK [1][-]{section.6}{Cap\355tulo 6 - Entropia}{}% 20
\BOOKMARK [2][-]{subsection.6.1}{Entropia: Defini\347\343o Macrosc\363pica}{section.6}% 21
\BOOKMARK [2][-]{subsection.6.2}{Modelos para C\341lculo de Entropia}{section.6}% 22
\BOOKMARK [2][-]{subsection.6.3}{Balan\347o de Entropia para Sistema Fechado}{section.6}% 23
\BOOKMARK [2][-]{subsection.6.4}{Balan\347o de Entropia para Volume de Controle}{section.6}% 24
\BOOKMARK [2][-]{subsection.6.5}{Escoamento Isentr\363pico}{section.6}% 25
\BOOKMARK [2][-]{subsection.6.6}{Efici\352ncia Isentr\363pica}{section.6}% 26
\BOOKMARK [1][-]{section.7}{Interpola\347\343o Linear}{}% 27
