\BOOKMARK [1][-]{section.1}{Observa\347\343o}{}% 1
\BOOKMARK [1][-]{section.2}{Fasores}{}% 2
\BOOKMARK [1][-]{section.3}{Imped\342ncia e Admit\342ncia}{}% 3
\BOOKMARK [2][-]{subsection.3.1}{Associa\347\343o de Imped\342ncias}{section.3}% 4
\BOOKMARK [3][-]{subsubsection.3.1.1}{S\351rie}{subsection.3.1}% 5
\BOOKMARK [3][-]{subsubsection.3.1.2}{Paralelo}{subsection.3.1}% 6
\BOOKMARK [1][-]{section.4}{Pot\352ncia em excita\347\365es senoidais}{}% 7
\BOOKMARK [2][-]{subsection.4.1}{Pot\352ncia M\351dia}{section.4}% 8
\BOOKMARK [2][-]{subsection.4.2}{Valores Eficazes}{section.4}% 9
\BOOKMARK [2][-]{subsection.4.3}{Fator de Pot\352ncia}{section.4}% 10
\BOOKMARK [3][-]{subsubsection.4.3.1}{Corre\347\343o do fator de Pot\352ncia}{subsection.4.3}% 11
\BOOKMARK [2][-]{subsection.4.4}{Pot\352ncia Complexa}{section.4}% 12
\BOOKMARK [2][-]{subsection.4.5}{Corre\347\343o de fp em termos de pot\352ncia}{section.4}% 13
\BOOKMARK [1][-]{section.5}{Sistemas Trif\341sicos}{}% 14
\BOOKMARK [1][-]{section.6}{Conex\343o em Y-Y}{}% 15
\BOOKMARK [1][-]{section.7}{Conex\343o em Delta}{}% 16
\BOOKMARK [1][-]{section.8}{Transforma\347\343o Y - }{}% 17
\BOOKMARK [2][-]{subsection.8.1}{Transforma\347\343o de Y para }{section.8}% 18
\BOOKMARK [2][-]{subsection.8.2}{Transforma\347\343o de \040para Y}{section.8}% 19
\BOOKMARK [1][-]{section.9}{Quadripolos}{}% 20
\BOOKMARK [2][-]{subsection.9.1}{Modelo de Imped\342ncias}{section.9}% 21
\BOOKMARK [2][-]{subsection.9.2}{Modelo de Admit\342ncia}{section.9}% 22
\BOOKMARK [2][-]{subsection.9.3}{Modelos com Par\342metros de Trnasmiss\343o}{section.9}% 23
\BOOKMARK [2][-]{subsection.9.4}{C\341lculo de ganhos}{section.9}% 24
\BOOKMARK [2][-]{subsection.9.5}{Circuitos Equivalente}{section.9}% 25
\BOOKMARK [2][-]{subsection.9.6}{Associa\347\343o em paralelo}{section.9}% 26
\BOOKMARK [2][-]{subsection.9.7}{Associa\347\343o em s\351rie}{section.9}% 27
\BOOKMARK [2][-]{subsection.9.8}{Associa\347\343o em cascata}{section.9}% 28
\BOOKMARK [1][-]{section.10}{Transformadores}{}% 29
\BOOKMARK [2][-]{subsection.10.1}{Prim\341rio e secund\341rio em carga}{section.10}% 30
\BOOKMARK [2][-]{subsection.10.2}{Conven\347\343o do ponto}{section.10}% 31
\BOOKMARK [2][-]{subsection.10.3}{Imped\342ncia Refletida}{section.10}% 32
\BOOKMARK [2][-]{subsection.10.4}{Circuitos Equivalentes}{section.10}% 33
\BOOKMARK [3][-]{subsubsection.10.4.1}{Circuito 1}{subsection.10.4}% 34
\BOOKMARK [3][-]{subsubsection.10.4.2}{Circuito 2}{subsection.10.4}% 35
\BOOKMARK [3][-]{subsubsection.10.4.3}{Circuito 3}{subsection.10.4}% 36
\BOOKMARK [2][-]{subsection.10.5}{Armazenamento de Energia em Transformadores}{section.10}% 37
\BOOKMARK [2][-]{subsection.10.6}{Coeficiente de Acoplamento}{section.10}% 38
\BOOKMARK [2][-]{subsection.10.7}{Transformador Ideal}{section.10}% 39
